{"C:\\Users\\Lennard Flores\\Desktop\\3rd Year 2nd sem\\Codes\\frontend\\Se_Frontend\\postcss.config.js": {"path":"C:\\Users\\Lennard Flores\\Desktop\\3rd Year 2nd sem\\Codes\\frontend\\Se_Frontend\\postcss.config.js","all":true,"statementMap":{"0":{"start":{"line":1,"column":0},"end":{"line":1,"column":16}},"1":{"start":{"line":2,"column":0},"end":{"line":2,"column":12}},"2":{"start":{"line":3,"column":0},"end":{"line":3,"column":20}},"3":{"start":{"line":4,"column":0},"end":{"line":4,"column":21}},"4":{"start":{"line":5,"column":0},"end":{"line":5,"column":4}},"5":{"start":{"line":6,"column":0},"end":{"line":6,"column":1}}},"s":{"0":0,"1":0,"2":0,"3":0,"4":0,"5":0},"branchMap":{"0":{"type":"branch","line":1,"loc":{"start":{"line":1,"column":0},"end":{"line":6,"column":1}},"locations":[{"start":{"line":1,"column":0},"end":{"line":6,"column":1}}]}},"b":{"0":[0]},"fnMap":{"0":{"name":"(empty-report)","decl":{"start":{"line":1,"column":0},"end":{"line":6,"column":1}},"loc":{"start":{"line":1,"column":0},"end":{"line":6,"column":1}},"line":1}},"f":{"0":0}}
,"C:\\Users\\Lennard Flores\\Desktop\\3rd Year 2nd sem\\Codes\\frontend\\Se_Frontend\\tailwind.config.js": {"path":"C:\\Users\\Lennard Flores\\Desktop\\3rd Year 2nd sem\\Codes\\frontend\\Se_Frontend\\tailwind.config.js","all":true,"statementMap":{"0":{"start":{"line":1,"column":0},"end":{"line":1,"column":43}},"1":{"start":{"line":2,"column":0},"end":{"line":2,"column":18}},"2":{"start":{"line":3,"column":0},"end":{"line":3,"column":42}},"3":{"start":{"line":4,"column":0},"end":{"line":4,"column":10}},"4":{"start":{"line":5,"column":0},"end":{"line":5,"column":13}},"5":{"start":{"line":6,"column":0},"end":{"line":6,"column":15}},"6":{"start":{"line":7,"column":0},"end":{"line":7,"column":32}},"7":{"start":{"line":8,"column":0},"end":{"line":8,"column":8}},"8":{"start":{"line":9,"column":0},"end":{"line":9,"column":15}},"9":{"start":{"line":10,"column":0},"end":{"line":10,"column":33}},"10":{"start":{"line":11,"column":0},"end":{"line":11,"column":31}},"11":{"start":{"line":12,"column":0},"end":{"line":12,"column":35}},"12":{"start":{"line":13,"column":0},"end":{"line":13,"column":32}},"13":{"start":{"line":14,"column":0},"end":{"line":14,"column":8}},"14":{"start":{"line":15,"column":0},"end":{"line":15,"column":19}},"15":{"start":{"line":16,"column":0},"end":{"line":16,"column":31}},"16":{"start":{"line":17,"column":0},"end":{"line":17,"column":7}},"17":{"start":{"line":18,"column":0},"end":{"line":18,"column":15}},"18":{"start":{"line":19,"column":0},"end":{"line":19,"column":78}},"19":{"start":{"line":20,"column":0},"end":{"line":20,"column":6}},"20":{"start":{"line":21,"column":0},"end":{"line":21,"column":6}},"21":{"start":{"line":22,"column":0},"end":{"line":22,"column":4}},"22":{"start":{"line":23,"column":0},"end":{"line":23,"column":14}},"23":{"start":{"line":24,"column":0},"end":{"line":24,"column":2}}},"s":{"0":0,"1":0,"2":0,"3":0,"4":0,"5":0,"6":0,"7":0,"8":0,"9":0,"10":0,"11":0,"12":0,"13":0,"14":0,"15":0,"16":0,"17":0,"18":0,"19":0,"20":0,"21":0,"22":0,"23":0},"branchMap":{"0":{"type":"branch","line":1,"loc":{"start":{"line":1,"column":0},"end":{"line":24,"column":2}},"locations":[{"start":{"line":1,"column":0},"end":{"line":24,"column":2}}]}},"b":{"0":[0]},"fnMap":{"0":{"name":"(empty-report)","decl":{"start":{"line":1,"column":0},"end":{"line":24,"column":2}},"loc":{"start":{"line":1,"column":0},"end":{"line":24,"column":2}},"line":1}},"f":{"0":0}}
,"C:\\Users\\Lennard Flores\\Desktop\\3rd Year 2nd sem\\Codes\\frontend\\Se_Frontend\\src\\App.jsx": {"path":"C:\\Users\\Lennard Flores\\Desktop\\3rd Year 2nd sem\\Codes\\frontend\\Se_Frontend\\src\\App.jsx","all":true,"statementMap":{"0":{"start":{"line":1,"column":0},"end":{"line":1,"column":74}},"1":{"start":{"line":2,"column":0},"end":{"line":2,"column":64}},"2":{"start":{"line":3,"column":0},"end":{"line":3,"column":64}},"3":{"start":{"line":4,"column":0},"end":{"line":4,"column":41}},"4":{"start":{"line":5,"column":0},"end":{"line":5,"column":43}},"5":{"start":{"line":6,"column":0},"end":{"line":6,"column":53}},"6":{"start":{"line":7,"column":0},"end":{"line":7,"column":59}},"7":{"start":{"line":8,"column":0},"end":{"line":8,"column":20}},"8":{"start":{"line":9,"column":0},"end":{"line":9,"column":65}},"9":{"start":{"line":10,"column":0},"end":{"line":10,"column":0}},"10":{"start":{"line":11,"column":0},"end":{"line":11,"column":16}},"11":{"start":{"line":12,"column":0},"end":{"line":12,"column":10}},"12":{"start":{"line":13,"column":0},"end":{"line":13,"column":12}},"13":{"start":{"line":14,"column":0},"end":{"line":14,"column":0}},"14":{"start":{"line":15,"column":0},"end":{"line":15,"column":16}},"15":{"start":{"line":16,"column":0},"end":{"line":16,"column":48}},"16":{"start":{"line":17,"column":0},"end":{"line":17,"column":53}},"17":{"start":{"line":18,"column":0},"end":{"line":18,"column":63}},"18":{"start":{"line":19,"column":0},"end":{"line":19,"column":70}},"19":{"start":{"line":20,"column":0},"end":{"line":20,"column":51}},"20":{"start":{"line":21,"column":0},"end":{"line":21,"column":95}},"21":{"start":{"line":22,"column":0},"end":{"line":22,"column":75}},"22":{"start":{"line":23,"column":0},"end":{"line":23,"column":17}},"23":{"start":{"line":24,"column":0},"end":{"line":24,"column":0}},"24":{"start":{"line":25,"column":0},"end":{"line":25,"column":13}},"25":{"start":{"line":26,"column":0},"end":{"line":26,"column":4}},"26":{"start":{"line":27,"column":0},"end":{"line":27,"column":1}},"27":{"start":{"line":28,"column":0},"end":{"line":28,"column":0}},"28":{"start":{"line":29,"column":0},"end":{"line":29,"column":19}}},"s":{"0":0,"1":0,"2":0,"3":0,"4":0,"5":0,"6":0,"7":0,"8":0,"9":0,"10":0,"11":0,"12":0,"13":0,"14":0,"15":0,"16":0,"17":0,"18":0,"19":0,"20":0,"21":0,"22":0,"23":0,"24":0,"25":0,"26":0,"27":0,"28":0},"branchMap":{"0":{"type":"branch","line":1,"loc":{"start":{"line":1,"column":0},"end":{"line":29,"column":19}},"locations":[{"start":{"line":1,"column":0},"end":{"line":29,"column":19}}]}},"b":{"0":[0]},"fnMap":{"0":{"name":"(empty-report)","decl":{"start":{"line":1,"column":0},"end":{"line":29,"column":19}},"loc":{"start":{"line":1,"column":0},"end":{"line":29,"column":19}},"line":1}},"f":{"0":0}}
,"C:\\Users\\Lennard Flores\\Desktop\\3rd Year 2nd sem\\Codes\\frontend\\Se_Frontend\\src\\main.jsx": {"path":"C:\\Users\\Lennard Flores\\Desktop\\3rd Year 2nd sem\\Codes\\frontend\\Se_Frontend\\src\\main.jsx","all":true,"statementMap":{"0":{"start":{"line":1,"column":0},"end":{"line":1,"column":25}},"1":{"start":{"line":2,"column":0},"end":{"line":2,"column":39}},"2":{"start":{"line":3,"column":0},"end":{"line":3,"column":27}},"3":{"start":{"line":4,"column":0},"end":{"line":4,"column":20}},"4":{"start":{"line":5,"column":0},"end":{"line":5,"column":0}},"5":{"start":{"line":6,"column":0},"end":{"line":6,"column":60}},"6":{"start":{"line":7,"column":0},"end":{"line":7,"column":20}},"7":{"start":{"line":8,"column":0},"end":{"line":8,"column":11}},"8":{"start":{"line":9,"column":0},"end":{"line":9,"column":22}},"9":{"start":{"line":10,"column":0},"end":{"line":10,"column":0}},"10":{"start":{"line":11,"column":0},"end":{"line":11,"column":1}},"11":{"start":{"line":12,"column":0},"end":{"line":12,"column":1}}},"s":{"0":0,"1":0,"2":0,"3":0,"4":0,"5":0,"6":0,"7":0,"8":0,"9":0,"10":0,"11":0},"branchMap":{"0":{"type":"branch","line":1,"loc":{"start":{"line":1,"column":0},"end":{"line":12,"column":1}},"locations":[{"start":{"line":1,"column":0},"end":{"line":12,"column":1}}]}},"b":{"0":[0]},"fnMap":{"0":{"name":"(empty-report)","decl":{"start":{"line":1,"column":0},"end":{"line":12,"column":1}},"loc":{"start":{"line":1,"column":0},"end":{"line":12,"column":1}},"line":1}},"f":{"0":0}}
,"C:\\Users\\Lennard Flores\\Desktop\\3rd Year 2nd sem\\Codes\\frontend\\Se_Frontend\\src\\components\\Announcement.jsx": {"path":"C:\\Users\\Lennard Flores\\Desktop\\3rd Year 2nd sem\\Codes\\frontend\\Se_Frontend\\src\\components\\Announcement.jsx","all":true,"statementMap":{"0":{"start":{"line":1,"column":0},"end":{"line":1,"column":42}},"1":{"start":{"line":2,"column":0},"end":{"line":2,"column":46}},"2":{"start":{"line":3,"column":0},"end":{"line":3,"column":46}},"3":{"start":{"line":4,"column":0},"end":{"line":4,"column":38}},"4":{"start":{"line":5,"column":0},"end":{"line":5,"column":0}},"5":{"start":{"line":6,"column":0},"end":{"line":6,"column":25}},"6":{"start":{"line":7,"column":0},"end":{"line":7,"column":51}},"7":{"start":{"line":8,"column":0},"end":{"line":8,"column":0}},"8":{"start":{"line":9,"column":0},"end":{"line":9,"column":12}},"9":{"start":{"line":10,"column":0},"end":{"line":10,"column":65}},"10":{"start":{"line":11,"column":0},"end":{"line":11,"column":86}},"11":{"start":{"line":12,"column":0},"end":{"line":12,"column":130}},"12":{"start":{"line":13,"column":0},"end":{"line":13,"column":45}},"13":{"start":{"line":14,"column":0},"end":{"line":14,"column":46}},"14":{"start":{"line":15,"column":0},"end":{"line":15,"column":98}},"15":{"start":{"line":16,"column":0},"end":{"line":16,"column":96}},"16":{"start":{"line":17,"column":0},"end":{"line":17,"column":22}},"17":{"start":{"line":18,"column":0},"end":{"line":18,"column":0}},"18":{"start":{"line":19,"column":0},"end":{"line":19,"column":54}},"19":{"start":{"line":20,"column":0},"end":{"line":20,"column":180}},"20":{"start":{"line":21,"column":0},"end":{"line":21,"column":58}},"21":{"start":{"line":22,"column":0},"end":{"line":22,"column":275}},"22":{"start":{"line":23,"column":0},"end":{"line":23,"column":218}},"23":{"start":{"line":24,"column":0},"end":{"line":24,"column":106}},"24":{"start":{"line":25,"column":0},"end":{"line":25,"column":61}},"25":{"start":{"line":26,"column":0},"end":{"line":26,"column":33}},"26":{"start":{"line":27,"column":0},"end":{"line":27,"column":26}},"27":{"start":{"line":28,"column":0},"end":{"line":28,"column":0}},"28":{"start":{"line":29,"column":0},"end":{"line":29,"column":67}},"29":{"start":{"line":30,"column":0},"end":{"line":30,"column":275}},"30":{"start":{"line":31,"column":0},"end":{"line":31,"column":39}},"31":{"start":{"line":32,"column":0},"end":{"line":32,"column":125}},"32":{"start":{"line":33,"column":0},"end":{"line":33,"column":124}},"33":{"start":{"line":34,"column":0},"end":{"line":34,"column":95}},"34":{"start":{"line":35,"column":0},"end":{"line":35,"column":34}},"35":{"start":{"line":36,"column":0},"end":{"line":36,"column":26}},"36":{"start":{"line":37,"column":0},"end":{"line":37,"column":122}},"37":{"start":{"line":38,"column":0},"end":{"line":38,"column":26}},"38":{"start":{"line":39,"column":0},"end":{"line":39,"column":22}},"39":{"start":{"line":40,"column":0},"end":{"line":40,"column":18}},"40":{"start":{"line":41,"column":0},"end":{"line":41,"column":0}},"41":{"start":{"line":42,"column":0},"end":{"line":42,"column":40}},"42":{"start":{"line":43,"column":0},"end":{"line":43,"column":123}},"43":{"start":{"line":44,"column":0},"end":{"line":44,"column":94}},"44":{"start":{"line":45,"column":0},"end":{"line":45,"column":18}},"45":{"start":{"line":46,"column":0},"end":{"line":46,"column":0}},"46":{"start":{"line":47,"column":0},"end":{"line":47,"column":49}},"47":{"start":{"line":48,"column":0},"end":{"line":48,"column":183}},"48":{"start":{"line":49,"column":0},"end":{"line":49,"column":69}},"49":{"start":{"line":50,"column":0},"end":{"line":50,"column":56}},"50":{"start":{"line":51,"column":0},"end":{"line":51,"column":176}},"51":{"start":{"line":52,"column":0},"end":{"line":52,"column":97}},"52":{"start":{"line":53,"column":0},"end":{"line":53,"column":62}},"53":{"start":{"line":54,"column":0},"end":{"line":54,"column":84}},"54":{"start":{"line":55,"column":0},"end":{"line":55,"column":152}},"55":{"start":{"line":56,"column":0},"end":{"line":56,"column":88}},"56":{"start":{"line":57,"column":0},"end":{"line":57,"column":105}},"57":{"start":{"line":58,"column":0},"end":{"line":58,"column":34}},"58":{"start":{"line":59,"column":0},"end":{"line":59,"column":0}},"59":{"start":{"line":60,"column":0},"end":{"line":60,"column":61}},"60":{"start":{"line":61,"column":0},"end":{"line":61,"column":133}},"61":{"start":{"line":62,"column":0},"end":{"line":62,"column":114}},"62":{"start":{"line":63,"column":0},"end":{"line":63,"column":130}},"63":{"start":{"line":64,"column":0},"end":{"line":64,"column":173}},"64":{"start":{"line":65,"column":0},"end":{"line":65,"column":39}},"65":{"start":{"line":66,"column":0},"end":{"line":66,"column":34}},"66":{"start":{"line":67,"column":0},"end":{"line":67,"column":0}},"67":{"start":{"line":68,"column":0},"end":{"line":68,"column":47}},"68":{"start":{"line":69,"column":0},"end":{"line":69,"column":163}},"69":{"start":{"line":70,"column":0},"end":{"line":70,"column":249}},"70":{"start":{"line":71,"column":0},"end":{"line":71,"column":40}},"71":{"start":{"line":72,"column":0},"end":{"line":72,"column":36}},"72":{"start":{"line":73,"column":0},"end":{"line":73,"column":34}},"73":{"start":{"line":74,"column":0},"end":{"line":74,"column":30}},"74":{"start":{"line":75,"column":0},"end":{"line":75,"column":26}},"75":{"start":{"line":76,"column":0},"end":{"line":76,"column":22}},"76":{"start":{"line":77,"column":0},"end":{"line":77,"column":18}},"77":{"start":{"line":78,"column":0},"end":{"line":78,"column":14}},"78":{"start":{"line":79,"column":0},"end":{"line":79,"column":6}},"79":{"start":{"line":80,"column":0},"end":{"line":80,"column":1}},"80":{"start":{"line":81,"column":0},"end":{"line":81,"column":0}},"81":{"start":{"line":82,"column":0},"end":{"line":82,"column":28}}},"s":{"0":0,"1":0,"2":0,"3":0,"4":0,"5":0,"6":0,"7":0,"8":0,"9":0,"10":0,"11":0,"12":0,"13":0,"14":0,"15":0,"16":0,"17":0,"18":0,"19":0,"20":0,"21":0,"22":0,"23":0,"24":0,"25":0,"26":0,"27":0,"28":0,"29":0,"30":0,"31":0,"32":0,"33":0,"34":0,"35":0,"36":0,"37":0,"38":0,"39":0,"40":0,"41":0,"42":0,"43":0,"44":0,"45":0,"46":0,"47":0,"48":0,"49":0,"50":0,"51":0,"52":0,"53":0,"54":0,"55":0,"56":0,"57":0,"58":0,"59":0,"60":0,"61":0,"62":0,"63":0,"64":0,"65":0,"66":0,"67":0,"68":0,"69":0,"70":0,"71":0,"72":0,"73":0,"74":0,"75":0,"76":0,"77":0,"78":0,"79":0,"80":0,"81":0},"branchMap":{"0":{"type":"branch","line":1,"loc":{"start":{"line":1,"column":0},"end":{"line":82,"column":28}},"locations":[{"start":{"line":1,"column":0},"end":{"line":82,"column":28}}]}},"b":{"0":[0]},"fnMap":{"0":{"name":"(empty-report)","decl":{"start":{"line":1,"column":0},"end":{"line":82,"column":28}},"loc":{"start":{"line":1,"column":0},"end":{"line":82,"column":28}},"line":1}},"f":{"0":0}}
,"C:\\Users\\Lennard Flores\\Desktop\\3rd Year 2nd sem\\Codes\\frontend\\Se_Frontend\\src\\components\\Enrollment.jsx": {"path":"C:\\Users\\Lennard Flores\\Desktop\\3rd Year 2nd sem\\Codes\\frontend\\Se_Frontend\\src\\components\\Enrollment.jsx","all":true,"statementMap":{"0":{"start":{"line":1,"column":0},"end":{"line":1,"column":40}},"1":{"start":{"line":2,"column":0},"end":{"line":2,"column":47}},"2":{"start":{"line":3,"column":0},"end":{"line":3,"column":0}},"3":{"start":{"line":4,"column":0},"end":{"line":4,"column":23}},"4":{"start":{"line":5,"column":0},"end":{"line":5,"column":81}},"5":{"start":{"line":6,"column":0},"end":{"line":6,"column":70}},"6":{"start":{"line":7,"column":0},"end":{"line":7,"column":0}},"7":{"start":{"line":8,"column":0},"end":{"line":8,"column":39}},"8":{"start":{"line":9,"column":0},"end":{"line":9,"column":31}},"9":{"start":{"line":10,"column":0},"end":{"line":10,"column":67}},"10":{"start":{"line":11,"column":0},"end":{"line":11,"column":70}},"11":{"start":{"line":12,"column":0},"end":{"line":12,"column":4}},"12":{"start":{"line":13,"column":0},"end":{"line":13,"column":0}},"13":{"start":{"line":14,"column":0},"end":{"line":14,"column":10}},"14":{"start":{"line":15,"column":0},"end":{"line":15,"column":6}},"15":{"start":{"line":16,"column":0},"end":{"line":16,"column":52}},"16":{"start":{"line":17,"column":0},"end":{"line":17,"column":10}},"17":{"start":{"line":18,"column":0},"end":{"line":18,"column":51}},"18":{"start":{"line":19,"column":0},"end":{"line":19,"column":119}},"19":{"start":{"line":20,"column":0},"end":{"line":20,"column":7}},"20":{"start":{"line":21,"column":0},"end":{"line":21,"column":54}},"21":{"start":{"line":22,"column":0},"end":{"line":22,"column":144}},"22":{"start":{"line":23,"column":0},"end":{"line":23,"column":64}},"23":{"start":{"line":24,"column":0},"end":{"line":24,"column":56}},"24":{"start":{"line":25,"column":0},"end":{"line":25,"column":58}},"25":{"start":{"line":26,"column":0},"end":{"line":26,"column":16}},"26":{"start":{"line":27,"column":0},"end":{"line":27,"column":0}},"27":{"start":{"line":28,"column":0},"end":{"line":28,"column":31}},"28":{"start":{"line":29,"column":0},"end":{"line":29,"column":17}},"29":{"start":{"line":30,"column":0},"end":{"line":30,"column":85}},"30":{"start":{"line":31,"column":0},"end":{"line":31,"column":224}},"31":{"start":{"line":32,"column":0},"end":{"line":32,"column":11}},"32":{"start":{"line":33,"column":0},"end":{"line":33,"column":18}},"33":{"start":{"line":34,"column":0},"end":{"line":34,"column":19}},"34":{"start":{"line":35,"column":0},"end":{"line":35,"column":17}},"35":{"start":{"line":36,"column":0},"end":{"line":36,"column":0}},"36":{"start":{"line":37,"column":0},"end":{"line":37,"column":33}},"37":{"start":{"line":38,"column":0},"end":{"line":38,"column":71}},"38":{"start":{"line":39,"column":0},"end":{"line":39,"column":52}},"39":{"start":{"line":40,"column":0},"end":{"line":40,"column":124}},"40":{"start":{"line":41,"column":0},"end":{"line":41,"column":0}},"41":{"start":{"line":42,"column":0},"end":{"line":42,"column":40}},"42":{"start":{"line":43,"column":0},"end":{"line":43,"column":136}},"43":{"start":{"line":44,"column":0},"end":{"line":44,"column":44}},"44":{"start":{"line":45,"column":0},"end":{"line":45,"column":150}},"45":{"start":{"line":46,"column":0},"end":{"line":46,"column":0}},"46":{"start":{"line":47,"column":0},"end":{"line":47,"column":36}},"47":{"start":{"line":48,"column":0},"end":{"line":48,"column":108}},"48":{"start":{"line":49,"column":0},"end":{"line":49,"column":0}},"49":{"start":{"line":50,"column":0},"end":{"line":50,"column":38}},"50":{"start":{"line":51,"column":0},"end":{"line":51,"column":104}},"51":{"start":{"line":52,"column":0},"end":{"line":52,"column":67}},"52":{"start":{"line":53,"column":0},"end":{"line":53,"column":18}},"53":{"start":{"line":54,"column":0},"end":{"line":54,"column":0}},"54":{"start":{"line":55,"column":0},"end":{"line":55,"column":37}},"55":{"start":{"line":56,"column":0},"end":{"line":56,"column":70}},"56":{"start":{"line":57,"column":0},"end":{"line":57,"column":85}},"57":{"start":{"line":58,"column":0},"end":{"line":58,"column":39}},"58":{"start":{"line":59,"column":0},"end":{"line":59,"column":25}},"59":{"start":{"line":60,"column":0},"end":{"line":60,"column":33}},"60":{"start":{"line":61,"column":0},"end":{"line":61,"column":63}},"61":{"start":{"line":62,"column":0},"end":{"line":62,"column":281}},"62":{"start":{"line":63,"column":0},"end":{"line":63,"column":19}},"63":{"start":{"line":64,"column":0},"end":{"line":64,"column":26}},"64":{"start":{"line":65,"column":0},"end":{"line":65,"column":27}},"65":{"start":{"line":66,"column":0},"end":{"line":66,"column":22}},"66":{"start":{"line":67,"column":0},"end":{"line":67,"column":21}},"67":{"start":{"line":68,"column":0},"end":{"line":68,"column":18}},"68":{"start":{"line":69,"column":0},"end":{"line":69,"column":0}},"69":{"start":{"line":70,"column":0},"end":{"line":70,"column":53}},"70":{"start":{"line":71,"column":0},"end":{"line":71,"column":109}},"71":{"start":{"line":72,"column":0},"end":{"line":72,"column":44}},"72":{"start":{"line":73,"column":0},"end":{"line":73,"column":150}},"73":{"start":{"line":74,"column":0},"end":{"line":74,"column":0}},"74":{"start":{"line":75,"column":0},"end":{"line":75,"column":36}},"75":{"start":{"line":76,"column":0},"end":{"line":76,"column":120}},"76":{"start":{"line":77,"column":0},"end":{"line":77,"column":0}},"77":{"start":{"line":78,"column":0},"end":{"line":78,"column":38}},"78":{"start":{"line":79,"column":0},"end":{"line":79,"column":102}},"79":{"start":{"line":80,"column":0},"end":{"line":80,"column":79}},"80":{"start":{"line":81,"column":0},"end":{"line":81,"column":18}},"81":{"start":{"line":82,"column":0},"end":{"line":82,"column":0}},"82":{"start":{"line":83,"column":0},"end":{"line":83,"column":38}},"83":{"start":{"line":84,"column":0},"end":{"line":84,"column":70}},"84":{"start":{"line":85,"column":0},"end":{"line":85,"column":21}},"85":{"start":{"line":86,"column":0},"end":{"line":86,"column":43}},"86":{"start":{"line":87,"column":0},"end":{"line":87,"column":114}},"87":{"start":{"line":88,"column":0},"end":{"line":88,"column":24}},"88":{"start":{"line":89,"column":0},"end":{"line":89,"column":32}},"89":{"start":{"line":90,"column":0},"end":{"line":90,"column":30}},"90":{"start":{"line":91,"column":0},"end":{"line":91,"column":33}},"91":{"start":{"line":92,"column":0},"end":{"line":92,"column":62}},"92":{"start":{"line":93,"column":0},"end":{"line":93,"column":28}},"93":{"start":{"line":94,"column":0},"end":{"line":94,"column":257}},"94":{"start":{"line":95,"column":0},"end":{"line":95,"column":50}},"95":{"start":{"line":96,"column":0},"end":{"line":96,"column":20}},"96":{"start":{"line":97,"column":0},"end":{"line":97,"column":22}},"97":{"start":{"line":98,"column":0},"end":{"line":98,"column":0}},"98":{"start":{"line":99,"column":0},"end":{"line":99,"column":74}},"99":{"start":{"line":100,"column":0},"end":{"line":100,"column":45}},"100":{"start":{"line":101,"column":0},"end":{"line":101,"column":25}},"101":{"start":{"line":102,"column":0},"end":{"line":102,"column":33}},"102":{"start":{"line":103,"column":0},"end":{"line":103,"column":285}},"103":{"start":{"line":104,"column":0},"end":{"line":104,"column":19}},"104":{"start":{"line":105,"column":0},"end":{"line":105,"column":25}},"105":{"start":{"line":106,"column":0},"end":{"line":106,"column":27}},"106":{"start":{"line":107,"column":0},"end":{"line":107,"column":0}},"107":{"start":{"line":108,"column":0},"end":{"line":108,"column":70}},"108":{"start":{"line":109,"column":0},"end":{"line":109,"column":40}},"109":{"start":{"line":110,"column":0},"end":{"line":110,"column":165}},"110":{"start":{"line":111,"column":0},"end":{"line":111,"column":50}},"111":{"start":{"line":112,"column":0},"end":{"line":112,"column":201}},"112":{"start":{"line":113,"column":0},"end":{"line":113,"column":29}},"113":{"start":{"line":114,"column":0},"end":{"line":114,"column":24}},"114":{"start":{"line":115,"column":0},"end":{"line":115,"column":24}},"115":{"start":{"line":116,"column":0},"end":{"line":116,"column":22}},"116":{"start":{"line":117,"column":0},"end":{"line":117,"column":21}},"117":{"start":{"line":118,"column":0},"end":{"line":118,"column":18}},"118":{"start":{"line":119,"column":0},"end":{"line":119,"column":16}},"119":{"start":{"line":120,"column":0},"end":{"line":120,"column":14}},"120":{"start":{"line":121,"column":0},"end":{"line":121,"column":12}},"121":{"start":{"line":122,"column":0},"end":{"line":122,"column":7}},"122":{"start":{"line":123,"column":0},"end":{"line":123,"column":4}},"123":{"start":{"line":124,"column":0},"end":{"line":124,"column":1}},"124":{"start":{"line":125,"column":0},"end":{"line":125,"column":0}},"125":{"start":{"line":126,"column":0},"end":{"line":126,"column":26}}},"s":{"0":0,"1":0,"2":0,"3":0,"4":0,"5":0,"6":0,"7":0,"8":0,"9":0,"10":0,"11":0,"12":0,"13":0,"14":0,"15":0,"16":0,"17":0,"18":0,"19":0,"20":0,"21":0,"22":0,"23":0,"24":0,"25":0,"26":0,"27":0,"28":0,"29":0,"30":0,"31":0,"32":0,"33":0,"34":0,"35":0,"36":0,"37":0,"38":0,"39":0,"40":0,"41":0,"42":0,"43":0,"44":0,"45":0,"46":0,"47":0,"48":0,"49":0,"50":0,"51":0,"52":0,"53":0,"54":0,"55":0,"56":0,"57":0,"58":0,"59":0,"60":0,"61":0,"62":0,"63":0,"64":0,"65":0,"66":0,"67":0,"68":0,"69":0,"70":0,"71":0,"72":0,"73":0,"74":0,"75":0,"76":0,"77":0,"78":0,"79":0,"80":0,"81":0,"82":0,"83":0,"84":0,"85":0,"86":0,"87":0,"88":0,"89":0,"90":0,"91":0,"92":0,"93":0,"94":0,"95":0,"96":0,"97":0,"98":0,"99":0,"100":0,"101":0,"102":0,"103":0,"104":0,"105":0,"106":0,"107":0,"108":0,"109":0,"110":0,"111":0,"112":0,"113":0,"114":0,"115":0,"116":0,"117":0,"118":0,"119":0,"120":0,"121":0,"122":0,"123":0,"124":0,"125":0},"branchMap":{"0":{"type":"branch","line":1,"loc":{"start":{"line":1,"column":0},"end":{"line":126,"column":26}},"locations":[{"start":{"line":1,"column":0},"end":{"line":126,"column":26}}]}},"b":{"0":[0]},"fnMap":{"0":{"name":"(empty-report)","decl":{"start":{"line":1,"column":0},"end":{"line":126,"column":26}},"loc":{"start":{"line":1,"column":0},"end":{"line":126,"column":26}},"line":1}},"f":{"0":0}}
,"C:\\Users\\Lennard Flores\\Desktop\\3rd Year 2nd sem\\Codes\\frontend\\Se_Frontend\\src\\components\\Header.jsx": {"path":"C:\\Users\\Lennard Flores\\Desktop\\3rd Year 2nd sem\\Codes\\frontend\\Se_Frontend\\src\\components\\Header.jsx","all":true,"statementMap":{"0":{"start":{"line":1,"column":0},"end":{"line":1,"column":26}},"1":{"start":{"line":2,"column":0},"end":{"line":2,"column":0}},"2":{"start":{"line":3,"column":0},"end":{"line":3,"column":22}},"3":{"start":{"line":4,"column":0},"end":{"line":4,"column":62}},"4":{"start":{"line":5,"column":0},"end":{"line":5,"column":20}},"5":{"start":{"line":6,"column":0},"end":{"line":6,"column":18}},"6":{"start":{"line":7,"column":0},"end":{"line":7,"column":19}},"7":{"start":{"line":8,"column":0},"end":{"line":8,"column":5}},"8":{"start":{"line":9,"column":0},"end":{"line":9,"column":0}},"9":{"start":{"line":10,"column":0},"end":{"line":10,"column":10}},"10":{"start":{"line":11,"column":0},"end":{"line":11,"column":84}},"11":{"start":{"line":12,"column":0},"end":{"line":12,"column":51}},"12":{"start":{"line":13,"column":0},"end":{"line":13,"column":72}},"13":{"start":{"line":14,"column":0},"end":{"line":14,"column":63}},"14":{"start":{"line":15,"column":0},"end":{"line":15,"column":12}},"15":{"start":{"line":16,"column":0},"end":{"line":16,"column":0}},"16":{"start":{"line":17,"column":0},"end":{"line":17,"column":41}},"17":{"start":{"line":18,"column":0},"end":{"line":18,"column":73}},"18":{"start":{"line":19,"column":0},"end":{"line":19,"column":17}},"19":{"start":{"line":20,"column":0},"end":{"line":20,"column":15}},"20":{"start":{"line":21,"column":0},"end":{"line":21,"column":12}},"21":{"start":{"line":22,"column":0},"end":{"line":22,"column":42}},"22":{"start":{"line":23,"column":0},"end":{"line":23,"column":29}},"23":{"start":{"line":24,"column":0},"end":{"line":24,"column":44}},"24":{"start":{"line":25,"column":0},"end":{"line":25,"column":10}},"25":{"start":{"line":26,"column":0},"end":{"line":26,"column":12}},"26":{"start":{"line":27,"column":0},"end":{"line":27,"column":10}},"27":{"start":{"line":28,"column":0},"end":{"line":28,"column":4}},"28":{"start":{"line":29,"column":0},"end":{"line":29,"column":2}},"29":{"start":{"line":30,"column":0},"end":{"line":30,"column":0}},"30":{"start":{"line":31,"column":0},"end":{"line":31,"column":22}}},"s":{"0":0,"1":0,"2":0,"3":0,"4":0,"5":0,"6":0,"7":0,"8":0,"9":0,"10":0,"11":0,"12":0,"13":0,"14":0,"15":0,"16":0,"17":0,"18":0,"19":0,"20":0,"21":0,"22":0,"23":0,"24":0,"25":0,"26":0,"27":0,"28":0,"29":0,"30":0},"branchMap":{"0":{"type":"branch","line":1,"loc":{"start":{"line":1,"column":0},"end":{"line":31,"column":22}},"locations":[{"start":{"line":1,"column":0},"end":{"line":31,"column":22}}]}},"b":{"0":[0]},"fnMap":{"0":{"name":"(empty-report)","decl":{"start":{"line":1,"column":0},"end":{"line":31,"column":22}},"loc":{"start":{"line":1,"column":0},"end":{"line":31,"column":22}},"line":1}},"f":{"0":0}}
,"C:\\Users\\Lennard Flores\\Desktop\\3rd Year 2nd sem\\Codes\\frontend\\Se_Frontend\\src\\components\\Home.jsx": {"path":"C:\\Users\\Lennard Flores\\Desktop\\3rd Year 2nd sem\\Codes\\frontend\\Se_Frontend\\src\\components\\Home.jsx","all":true,"statementMap":{"0":{"start":{"line":1,"column":0},"end":{"line":1,"column":26}},"1":{"start":{"line":2,"column":0},"end":{"line":2,"column":47}},"2":{"start":{"line":3,"column":0},"end":{"line":3,"column":0}},"3":{"start":{"line":4,"column":0},"end":{"line":4,"column":17}},"4":{"start":{"line":5,"column":0},"end":{"line":5,"column":56}},"5":{"start":{"line":6,"column":0},"end":{"line":6,"column":0}},"6":{"start":{"line":7,"column":0},"end":{"line":7,"column":30}},"7":{"start":{"line":8,"column":0},"end":{"line":8,"column":58}},"8":{"start":{"line":9,"column":0},"end":{"line":9,"column":49}},"9":{"start":{"line":10,"column":0},"end":{"line":10,"column":4}},"10":{"start":{"line":11,"column":0},"end":{"line":11,"column":0}},"11":{"start":{"line":12,"column":0},"end":{"line":12,"column":10}},"12":{"start":{"line":13,"column":0},"end":{"line":13,"column":88}},"13":{"start":{"line":14,"column":0},"end":{"line":14,"column":73}},"14":{"start":{"line":15,"column":0},"end":{"line":15,"column":89}},"15":{"start":{"line":16,"column":0},"end":{"line":16,"column":62}},"16":{"start":{"line":17,"column":0},"end":{"line":17,"column":58}},"17":{"start":{"line":18,"column":0},"end":{"line":18,"column":12}},"18":{"start":{"line":19,"column":0},"end":{"line":19,"column":15}},"19":{"start":{"line":20,"column":0},"end":{"line":20,"column":32}},"20":{"start":{"line":21,"column":0},"end":{"line":21,"column":106}},"21":{"start":{"line":22,"column":0},"end":{"line":22,"column":9}},"22":{"start":{"line":23,"column":0},"end":{"line":23,"column":17}},"23":{"start":{"line":24,"column":0},"end":{"line":24,"column":17}},"24":{"start":{"line":25,"column":0},"end":{"line":25,"column":12}},"25":{"start":{"line":26,"column":0},"end":{"line":26,"column":10}},"26":{"start":{"line":27,"column":0},"end":{"line":27,"column":4}},"27":{"start":{"line":28,"column":0},"end":{"line":28,"column":1}},"28":{"start":{"line":29,"column":0},"end":{"line":29,"column":0}},"29":{"start":{"line":30,"column":0},"end":{"line":30,"column":20}}},"s":{"0":0,"1":0,"2":0,"3":0,"4":0,"5":0,"6":0,"7":0,"8":0,"9":0,"10":0,"11":0,"12":0,"13":0,"14":0,"15":0,"16":0,"17":0,"18":0,"19":0,"20":0,"21":0,"22":0,"23":0,"24":0,"25":0,"26":0,"27":0,"28":0,"29":0},"branchMap":{"0":{"type":"branch","line":1,"loc":{"start":{"line":1,"column":0},"end":{"line":30,"column":20}},"locations":[{"start":{"line":1,"column":0},"end":{"line":30,"column":20}}]}},"b":{"0":[0]},"fnMap":{"0":{"name":"(empty-report)","decl":{"start":{"line":1,"column":0},"end":{"line":30,"column":20}},"loc":{"start":{"line":1,"column":0},"end":{"line":30,"column":20}},"line":1}},"f":{"0":0}}
,"C:\\Users\\Lennard Flores\\Desktop\\3rd Year 2nd sem\\Codes\\frontend\\Se_Frontend\\src\\components\\Login.jsx": {"path":"C:\\Users\\Lennard Flores\\Desktop\\3rd Year 2nd sem\\Codes\\frontend\\Se_Frontend\\src\\components\\Login.jsx","all":false,"statementMap":{"0":{"start":{"line":1,"column":0},"end":{"line":1,"column":40}},"1":{"start":{"line":2,"column":0},"end":{"line":2,"column":47}},"2":{"start":{"line":3,"column":0},"end":{"line":3,"column":47}},"4":{"start":{"line":5,"column":0},"end":{"line":5,"column":18}},"5":{"start":{"line":6,"column":0},"end":{"line":6,"column":71}},"6":{"start":{"line":7,"column":0},"end":{"line":7,"column":80}},"7":{"start":{"line":8,"column":0},"end":{"line":8,"column":103}},"8":{"start":{"line":9,"column":0},"end":{"line":9,"column":68}},"11":{"start":{"line":12,"column":0},"end":{"line":12,"column":31}},"12":{"start":{"line":13,"column":0},"end":{"line":13,"column":23}},"15":{"start":{"line":16,"column":0},"end":{"line":16,"column":27}},"16":{"start":{"line":17,"column":0},"end":{"line":17,"column":53}},"17":{"start":{"line":18,"column":0},"end":{"line":18,"column":13}},"18":{"start":{"line":19,"column":0},"end":{"line":19,"column":5}},"20":{"start":{"line":21,"column":0},"end":{"line":21,"column":46}},"21":{"start":{"line":22,"column":0},"end":{"line":22,"column":55}},"22":{"start":{"line":23,"column":0},"end":{"line":23,"column":74}},"23":{"start":{"line":24,"column":0},"end":{"line":24,"column":4}},"26":{"start":{"line":27,"column":0},"end":{"line":27,"column":42}},"27":{"start":{"line":28,"column":0},"end":{"line":28,"column":65}},"28":{"start":{"line":29,"column":0},"end":{"line":29,"column":68}},"29":{"start":{"line":30,"column":0},"end":{"line":30,"column":4}},"32":{"start":{"line":33,"column":0},"end":{"line":33,"column":38}},"33":{"start":{"line":34,"column":0},"end":{"line":34,"column":67}},"34":{"start":{"line":35,"column":0},"end":{"line":35,"column":4}},"37":{"start":{"line":38,"column":0},"end":{"line":38,"column":30}},"38":{"start":{"line":39,"column":0},"end":{"line":39,"column":28}},"39":{"start":{"line":40,"column":0},"end":{"line":40,"column":4}},"41":{"start":{"line":42,"column":0},"end":{"line":42,"column":10}},"42":{"start":{"line":43,"column":0},"end":{"line":43,"column":6}},"44":{"start":{"line":45,"column":0},"end":{"line":45,"column":10}},"45":{"start":{"line":46,"column":0},"end":{"line":46,"column":51}},"46":{"start":{"line":47,"column":0},"end":{"line":47,"column":119}},"49":{"start":{"line":50,"column":0},"end":{"line":50,"column":144}},"50":{"start":{"line":51,"column":0},"end":{"line":51,"column":64}},"51":{"start":{"line":52,"column":0},"end":{"line":52,"column":56}},"52":{"start":{"line":53,"column":0},"end":{"line":53,"column":58}},"53":{"start":{"line":54,"column":0},"end":{"line":54,"column":16}},"56":{"start":{"line":57,"column":0},"end":{"line":57,"column":17}},"57":{"start":{"line":58,"column":0},"end":{"line":58,"column":34}},"58":{"start":{"line":59,"column":0},"end":{"line":59,"column":224}},"59":{"start":{"line":60,"column":0},"end":{"line":60,"column":11}},"61":{"start":{"line":62,"column":0},"end":{"line":62,"column":19}},"62":{"start":{"line":63,"column":0},"end":{"line":63,"column":17}},"65":{"start":{"line":66,"column":0},"end":{"line":66,"column":71}},"67":{"start":{"line":68,"column":0},"end":{"line":68,"column":132}},"69":{"start":{"line":70,"column":0},"end":{"line":70,"column":68}},"70":{"start":{"line":71,"column":0},"end":{"line":71,"column":98}},"71":{"start":{"line":72,"column":0},"end":{"line":72,"column":60}},"72":{"start":{"line":73,"column":0},"end":{"line":73,"column":62}},"73":{"start":{"line":74,"column":0},"end":{"line":74,"column":19}},"74":{"start":{"line":75,"column":0},"end":{"line":75,"column":117}},"76":{"start":{"line":77,"column":0},"end":{"line":77,"column":18}},"77":{"start":{"line":78,"column":0},"end":{"line":78,"column":18}},"80":{"start":{"line":81,"column":0},"end":{"line":81,"column":109}},"82":{"start":{"line":83,"column":0},"end":{"line":83,"column":150}},"85":{"start":{"line":86,"column":0},"end":{"line":86,"column":103}},"88":{"start":{"line":89,"column":0},"end":{"line":89,"column":104}},"90":{"start":{"line":91,"column":0},"end":{"line":91,"column":18}},"93":{"start":{"line":94,"column":0},"end":{"line":94,"column":70}},"95":{"start":{"line":96,"column":0},"end":{"line":96,"column":21}},"96":{"start":{"line":97,"column":0},"end":{"line":97,"column":114}},"97":{"start":{"line":98,"column":0},"end":{"line":98,"column":24}},"98":{"start":{"line":99,"column":0},"end":{"line":99,"column":32}},"99":{"start":{"line":100,"column":0},"end":{"line":100,"column":30}},"100":{"start":{"line":101,"column":0},"end":{"line":101,"column":33}},"101":{"start":{"line":102,"column":0},"end":{"line":102,"column":62}},"102":{"start":{"line":103,"column":0},"end":{"line":103,"column":28}},"103":{"start":{"line":104,"column":0},"end":{"line":104,"column":257}},"104":{"start":{"line":105,"column":0},"end":{"line":105,"column":50}},"105":{"start":{"line":106,"column":0},"end":{"line":106,"column":20}},"106":{"start":{"line":107,"column":0},"end":{"line":107,"column":22}},"109":{"start":{"line":110,"column":0},"end":{"line":110,"column":21}},"110":{"start":{"line":111,"column":0},"end":{"line":111,"column":141}},"111":{"start":{"line":112,"column":0},"end":{"line":112,"column":24}},"112":{"start":{"line":113,"column":0},"end":{"line":113,"column":35}},"113":{"start":{"line":114,"column":0},"end":{"line":114,"column":33}},"114":{"start":{"line":115,"column":0},"end":{"line":115,"column":36}},"115":{"start":{"line":116,"column":0},"end":{"line":116,"column":65}},"116":{"start":{"line":117,"column":0},"end":{"line":117,"column":28}},"117":{"start":{"line":118,"column":0},"end":{"line":118,"column":257}},"118":{"start":{"line":119,"column":0},"end":{"line":119,"column":53}},"119":{"start":{"line":120,"column":0},"end":{"line":120,"column":20}},"120":{"start":{"line":121,"column":0},"end":{"line":121,"column":22}},"123":{"start":{"line":124,"column":0},"end":{"line":124,"column":55}},"124":{"start":{"line":125,"column":0},"end":{"line":125,"column":25}},"125":{"start":{"line":126,"column":0},"end":{"line":126,"column":33}},"126":{"start":{"line":127,"column":0},"end":{"line":127,"column":50}},"127":{"start":{"line":128,"column":0},"end":{"line":128,"column":108}},"128":{"start":{"line":129,"column":0},"end":{"line":129,"column":19}},"130":{"start":{"line":131,"column":0},"end":{"line":131,"column":27}},"131":{"start":{"line":132,"column":0},"end":{"line":132,"column":22}},"134":{"start":{"line":135,"column":0},"end":{"line":135,"column":66}},"135":{"start":{"line":136,"column":0},"end":{"line":136,"column":22}},"136":{"start":{"line":137,"column":0},"end":{"line":137,"column":28}},"137":{"start":{"line":138,"column":0},"end":{"line":138,"column":46}},"138":{"start":{"line":139,"column":0},"end":{"line":139,"column":45}},"139":{"start":{"line":140,"column":0},"end":{"line":140,"column":22}},"141":{"start":{"line":142,"column":0},"end":{"line":142,"column":30}},"142":{"start":{"line":143,"column":0},"end":{"line":143,"column":45}},"143":{"start":{"line":144,"column":0},"end":{"line":144,"column":52}},"144":{"start":{"line":145,"column":0},"end":{"line":145,"column":22}},"145":{"start":{"line":146,"column":0},"end":{"line":146,"column":24}},"146":{"start":{"line":147,"column":0},"end":{"line":147,"column":22}},"149":{"start":{"line":150,"column":0},"end":{"line":150,"column":64}},"150":{"start":{"line":151,"column":0},"end":{"line":151,"column":25}},"151":{"start":{"line":152,"column":0},"end":{"line":152,"column":33}},"152":{"start":{"line":153,"column":0},"end":{"line":153,"column":46}},"153":{"start":{"line":154,"column":0},"end":{"line":154,"column":275}},"154":{"start":{"line":155,"column":0},"end":{"line":155,"column":47}},"155":{"start":{"line":156,"column":0},"end":{"line":156,"column":19}},"157":{"start":{"line":158,"column":0},"end":{"line":158,"column":27}},"158":{"start":{"line":159,"column":0},"end":{"line":159,"column":22}},"159":{"start":{"line":160,"column":0},"end":{"line":160,"column":21}},"160":{"start":{"line":161,"column":0},"end":{"line":161,"column":18}},"161":{"start":{"line":162,"column":0},"end":{"line":162,"column":16}},"162":{"start":{"line":163,"column":0},"end":{"line":163,"column":14}},"163":{"start":{"line":164,"column":0},"end":{"line":164,"column":12}},"164":{"start":{"line":165,"column":0},"end":{"line":165,"column":7}},"166":{"start":{"line":167,"column":0},"end":{"line":167,"column":1}},"168":{"start":{"line":169,"column":0},"end":{"line":169,"column":21}}},"s":{"0":1,"1":1,"2":1,"4":10,"5":10,"6":10,"7":10,"8":10,"11":10,"12":0,"15":0,"16":0,"17":0,"18":0,"20":0,"21":0,"22":0,"23":0,"26":10,"27":0,"28":0,"29":0,"32":10,"33":0,"34":0,"37":10,"38":0,"39":0,"41":10,"42":10,"44":10,"45":10,"46":10,"49":10,"50":10,"51":10,"52":10,"53":10,"56":10,"57":10,"58":10,"59":10,"61":10,"62":10,"65":10,"67":10,"69":10,"70":10,"71":10,"72":10,"73":10,"74":10,"76":10,"77":10,"80":10,"82":10,"85":10,"88":10,"90":10,"93":10,"95":10,"96":10,"97":10,"98":10,"99":10,"100":10,"101":10,"102":10,"103":10,"104":10,"105":10,"106":10,"109":10,"110":10,"111":10,"112":10,"113":10,"114":10,"115":10,"116":10,"117":10,"118":10,"119":10,"120":10,"123":10,"124":10,"125":10,"126":10,"127":10,"128":10,"130":10,"131":10,"134":10,"135":10,"136":10,"137":10,"138":10,"139":10,"141":10,"142":10,"143":10,"144":10,"145":10,"146":10,"149":10,"150":10,"151":10,"152":10,"153":10,"154":10,"155":10,"157":10,"158":10,"159":10,"160":10,"161":10,"162":10,"163":10,"164":10,"166":10,"168":1},"branchMap":{"0":{"type":"branch","line":5,"loc":{"start":{"line":5,"column":0},"end":{"line":167,"column":1}},"locations":[{"start":{"line":5,"column":0},"end":{"line":167,"column":1}}]},"1":{"type":"branch","line":102,"loc":{"start":{"line":102,"column":30},"end":{"line":102,"column":62}},"locations":[{"start":{"line":102,"column":30},"end":{"line":102,"column":62}}]},"2":{"type":"branch","line":116,"loc":{"start":{"line":116,"column":30},"end":{"line":116,"column":65}},"locations":[{"start":{"line":116,"column":30},"end":{"line":116,"column":65}}]}},"b":{"0":[10],"1":[3],"2":[3]},"fnMap":{"0":{"name":"Login","decl":{"start":{"line":5,"column":0},"end":{"line":167,"column":1}},"loc":{"start":{"line":5,"column":0},"end":{"line":167,"column":1}},"line":5},"1":{"name":"handleSubmit","decl":{"start":{"line":12,"column":23},"end":{"line":24,"column":4}},"loc":{"start":{"line":12,"column":23},"end":{"line":24,"column":4}},"line":12},"2":{"name":"handleCaptchaChange","decl":{"start":{"line":27,"column":30},"end":{"line":30,"column":4}},"loc":{"start":{"line":27,"column":30},"end":{"line":30,"column":4}},"line":27},"3":{"name":"handleForgotPassword","decl":{"start":{"line":33,"column":31},"end":{"line":35,"column":4}},"loc":{"start":{"line":33,"column":31},"end":{"line":35,"column":4}},"line":33},"4":{"name":"handleEnroll","decl":{"start":{"line":38,"column":23},"end":{"line":40,"column":4}},"loc":{"start":{"line":38,"column":23},"end":{"line":40,"column":4}},"line":38},"5":{"name":"onChange","decl":{"start":{"line":102,"column":30},"end":{"line":102,"column":62}},"loc":{"start":{"line":102,"column":30},"end":{"line":102,"column":62}},"line":102},"6":{"name":"onChange","decl":{"start":{"line":116,"column":30},"end":{"line":116,"column":65}},"loc":{"start":{"line":116,"column":30},"end":{"line":116,"column":65}},"line":116}},"f":{"0":10,"1":0,"2":0,"3":0,"4":0,"5":3,"6":3}}
,"C:\\Users\\Lennard Flores\\Desktop\\3rd Year 2nd sem\\Codes\\frontend\\Se_Frontend\\src\\components\\NewEnrollment.jsx": {"path":"C:\\Users\\Lennard Flores\\Desktop\\3rd Year 2nd sem\\Codes\\frontend\\Se_Frontend\\src\\components\\NewEnrollment.jsx","all":true,"statementMap":{"0":{"start":{"line":1,"column":0},"end":{"line":1,"column":40}},"1":{"start":{"line":2,"column":0},"end":{"line":2,"column":47}},"2":{"start":{"line":3,"column":0},"end":{"line":3,"column":0}},"3":{"start":{"line":4,"column":0},"end":{"line":4,"column":26}},"4":{"start":{"line":5,"column":0},"end":{"line":5,"column":29}},"5":{"start":{"line":6,"column":0},"end":{"line":6,"column":44}},"6":{"start":{"line":7,"column":0},"end":{"line":7,"column":18}},"7":{"start":{"line":8,"column":0},"end":{"line":8,"column":17}},"8":{"start":{"line":9,"column":0},"end":{"line":9,"column":19}},"9":{"start":{"line":10,"column":0},"end":{"line":10,"column":18}},"10":{"start":{"line":11,"column":0},"end":{"line":11,"column":18}},"11":{"start":{"line":12,"column":0},"end":{"line":12,"column":15}},"12":{"start":{"line":13,"column":0},"end":{"line":13,"column":18}},"13":{"start":{"line":14,"column":0},"end":{"line":14,"column":14}},"14":{"start":{"line":15,"column":0},"end":{"line":15,"column":17}},"15":{"start":{"line":16,"column":0},"end":{"line":16,"column":24}},"16":{"start":{"line":17,"column":0},"end":{"line":17,"column":5}},"17":{"start":{"line":18,"column":0},"end":{"line":18,"column":0}},"18":{"start":{"line":19,"column":0},"end":{"line":19,"column":33}},"19":{"start":{"line":20,"column":0},"end":{"line":20,"column":0}},"20":{"start":{"line":21,"column":0},"end":{"line":21,"column":30}},"21":{"start":{"line":22,"column":0},"end":{"line":22,"column":36}},"22":{"start":{"line":23,"column":0},"end":{"line":23,"column":37}},"23":{"start":{"line":24,"column":0},"end":{"line":24,"column":0}},"24":{"start":{"line":25,"column":0},"end":{"line":25,"column":51}},"25":{"start":{"line":26,"column":0},"end":{"line":26,"column":31}},"26":{"start":{"line":27,"column":0},"end":{"line":27,"column":111}},"27":{"start":{"line":28,"column":0},"end":{"line":28,"column":120}},"28":{"start":{"line":29,"column":0},"end":{"line":29,"column":34}},"29":{"start":{"line":30,"column":0},"end":{"line":30,"column":20}},"30":{"start":{"line":31,"column":0},"end":{"line":31,"column":35}},"31":{"start":{"line":32,"column":0},"end":{"line":32,"column":10}},"32":{"start":{"line":33,"column":0},"end":{"line":33,"column":12}},"33":{"start":{"line":34,"column":0},"end":{"line":34,"column":28}},"34":{"start":{"line":35,"column":0},"end":{"line":35,"column":34}},"35":{"start":{"line":36,"column":0},"end":{"line":36,"column":20}},"36":{"start":{"line":37,"column":0},"end":{"line":37,"column":22}},"37":{"start":{"line":38,"column":0},"end":{"line":38,"column":10}},"38":{"start":{"line":39,"column":0},"end":{"line":39,"column":5}},"39":{"start":{"line":40,"column":0},"end":{"line":40,"column":4}},"40":{"start":{"line":41,"column":0},"end":{"line":41,"column":0}},"41":{"start":{"line":42,"column":0},"end":{"line":42,"column":27}},"42":{"start":{"line":43,"column":0},"end":{"line":43,"column":31}},"43":{"start":{"line":44,"column":0},"end":{"line":44,"column":23}},"44":{"start":{"line":45,"column":0},"end":{"line":45,"column":40}},"45":{"start":{"line":46,"column":0},"end":{"line":46,"column":22}},"46":{"start":{"line":47,"column":0},"end":{"line":47,"column":4}},"47":{"start":{"line":48,"column":0},"end":{"line":48,"column":0}},"48":{"start":{"line":49,"column":0},"end":{"line":49,"column":10}},"49":{"start":{"line":50,"column":0},"end":{"line":50,"column":6}},"50":{"start":{"line":51,"column":0},"end":{"line":51,"column":10}},"51":{"start":{"line":52,"column":0},"end":{"line":52,"column":51}},"52":{"start":{"line":53,"column":0},"end":{"line":53,"column":119}},"53":{"start":{"line":54,"column":0},"end":{"line":54,"column":7}},"54":{"start":{"line":55,"column":0},"end":{"line":55,"column":144}},"55":{"start":{"line":56,"column":0},"end":{"line":56,"column":64}},"56":{"start":{"line":57,"column":0},"end":{"line":57,"column":56}},"57":{"start":{"line":58,"column":0},"end":{"line":58,"column":58}},"58":{"start":{"line":59,"column":0},"end":{"line":59,"column":16}},"59":{"start":{"line":60,"column":0},"end":{"line":60,"column":17}},"60":{"start":{"line":61,"column":0},"end":{"line":61,"column":46}},"61":{"start":{"line":62,"column":0},"end":{"line":62,"column":224}},"62":{"start":{"line":63,"column":0},"end":{"line":63,"column":11}},"63":{"start":{"line":64,"column":0},"end":{"line":64,"column":18}},"64":{"start":{"line":65,"column":0},"end":{"line":65,"column":19}},"65":{"start":{"line":66,"column":0},"end":{"line":66,"column":17}},"66":{"start":{"line":67,"column":0},"end":{"line":67,"column":71}},"67":{"start":{"line":68,"column":0},"end":{"line":68,"column":99}},"68":{"start":{"line":69,"column":0},"end":{"line":69,"column":109}},"69":{"start":{"line":70,"column":0},"end":{"line":70,"column":150}},"70":{"start":{"line":71,"column":0},"end":{"line":71,"column":105}},"71":{"start":{"line":72,"column":0},"end":{"line":72,"column":102}},"72":{"start":{"line":73,"column":0},"end":{"line":73,"column":68}},"73":{"start":{"line":74,"column":0},"end":{"line":74,"column":18}},"74":{"start":{"line":75,"column":0},"end":{"line":75,"column":70}},"75":{"start":{"line":76,"column":0},"end":{"line":76,"column":58}},"76":{"start":{"line":77,"column":0},"end":{"line":77,"column":20}},"77":{"start":{"line":78,"column":0},"end":{"line":78,"column":93}},"78":{"start":{"line":79,"column":0},"end":{"line":79,"column":91}},"79":{"start":{"line":80,"column":0},"end":{"line":80,"column":96}},"80":{"start":{"line":81,"column":0},"end":{"line":81,"column":93}},"81":{"start":{"line":82,"column":0},"end":{"line":82,"column":92}},"82":{"start":{"line":83,"column":0},"end":{"line":83,"column":85}},"83":{"start":{"line":84,"column":0},"end":{"line":84,"column":94}},"84":{"start":{"line":85,"column":0},"end":{"line":85,"column":109}},"85":{"start":{"line":86,"column":0},"end":{"line":86,"column":43}},"86":{"start":{"line":87,"column":0},"end":{"line":87,"column":82}},"87":{"start":{"line":88,"column":0},"end":{"line":88,"column":110}},"88":{"start":{"line":89,"column":0},"end":{"line":89,"column":37}},"89":{"start":{"line":90,"column":0},"end":{"line":90,"column":30}},"90":{"start":{"line":91,"column":0},"end":{"line":91,"column":28}},"91":{"start":{"line":92,"column":0},"end":{"line":92,"column":41}},"92":{"start":{"line":93,"column":0},"end":{"line":93,"column":39}},"93":{"start":{"line":94,"column":0},"end":{"line":94,"column":41}},"94":{"start":{"line":95,"column":0},"end":{"line":95,"column":52}},"95":{"start":{"line":96,"column":0},"end":{"line":96,"column":52}},"96":{"start":{"line":97,"column":0},"end":{"line":97,"column":49}},"97":{"start":{"line":98,"column":0},"end":{"line":98,"column":261}},"98":{"start":{"line":99,"column":0},"end":{"line":99,"column":79}},"99":{"start":{"line":100,"column":0},"end":{"line":100,"column":24}},"100":{"start":{"line":101,"column":0},"end":{"line":101,"column":26}},"101":{"start":{"line":102,"column":0},"end":{"line":102,"column":21}},"102":{"start":{"line":103,"column":0},"end":{"line":103,"column":22}},"103":{"start":{"line":104,"column":0},"end":{"line":104,"column":58}},"104":{"start":{"line":105,"column":0},"end":{"line":105,"column":53}},"105":{"start":{"line":106,"column":0},"end":{"line":106,"column":104}},"106":{"start":{"line":107,"column":0},"end":{"line":107,"column":28}},"107":{"start":{"line":108,"column":0},"end":{"line":108,"column":28}},"108":{"start":{"line":109,"column":0},"end":{"line":109,"column":27}},"109":{"start":{"line":110,"column":0},"end":{"line":110,"column":33}},"110":{"start":{"line":111,"column":0},"end":{"line":111,"column":35}},"111":{"start":{"line":112,"column":0},"end":{"line":112,"column":45}},"112":{"start":{"line":113,"column":0},"end":{"line":113,"column":50}},"113":{"start":{"line":114,"column":0},"end":{"line":114,"column":30}},"114":{"start":{"line":115,"column":0},"end":{"line":115,"column":259}},"115":{"start":{"line":116,"column":0},"end":{"line":116,"column":21}},"116":{"start":{"line":117,"column":0},"end":{"line":117,"column":48}},"117":{"start":{"line":118,"column":0},"end":{"line":118,"column":42}},"118":{"start":{"line":119,"column":0},"end":{"line":119,"column":31}},"119":{"start":{"line":120,"column":0},"end":{"line":120,"column":64}},"120":{"start":{"line":121,"column":0},"end":{"line":121,"column":64}},"121":{"start":{"line":122,"column":0},"end":{"line":122,"column":64}},"122":{"start":{"line":123,"column":0},"end":{"line":123,"column":29}},"123":{"start":{"line":124,"column":0},"end":{"line":124,"column":24}},"124":{"start":{"line":125,"column":0},"end":{"line":125,"column":53}},"125":{"start":{"line":126,"column":0},"end":{"line":126,"column":107}},"126":{"start":{"line":127,"column":0},"end":{"line":127,"column":32}},"127":{"start":{"line":128,"column":0},"end":{"line":128,"column":28}},"128":{"start":{"line":129,"column":0},"end":{"line":129,"column":27}},"129":{"start":{"line":130,"column":0},"end":{"line":130,"column":36}},"130":{"start":{"line":131,"column":0},"end":{"line":131,"column":38}},"131":{"start":{"line":132,"column":0},"end":{"line":132,"column":48}},"132":{"start":{"line":133,"column":0},"end":{"line":133,"column":50}},"133":{"start":{"line":134,"column":0},"end":{"line":134,"column":30}},"134":{"start":{"line":135,"column":0},"end":{"line":135,"column":259}},"135":{"start":{"line":136,"column":0},"end":{"line":136,"column":21}},"136":{"start":{"line":137,"column":0},"end":{"line":137,"column":48}},"137":{"start":{"line":138,"column":0},"end":{"line":138,"column":46}},"138":{"start":{"line":139,"column":0},"end":{"line":139,"column":31}},"139":{"start":{"line":140,"column":0},"end":{"line":140,"column":64}},"140":{"start":{"line":141,"column":0},"end":{"line":141,"column":66}},"141":{"start":{"line":142,"column":0},"end":{"line":142,"column":60}},"142":{"start":{"line":143,"column":0},"end":{"line":143,"column":60}},"143":{"start":{"line":144,"column":0},"end":{"line":144,"column":29}},"144":{"start":{"line":145,"column":0},"end":{"line":145,"column":24}},"145":{"start":{"line":146,"column":0},"end":{"line":146,"column":22}},"146":{"start":{"line":147,"column":0},"end":{"line":147,"column":70}},"147":{"start":{"line":148,"column":0},"end":{"line":148,"column":25}},"148":{"start":{"line":149,"column":0},"end":{"line":149,"column":33}},"149":{"start":{"line":150,"column":0},"end":{"line":150,"column":285}},"150":{"start":{"line":151,"column":0},"end":{"line":151,"column":19}},"151":{"start":{"line":152,"column":0},"end":{"line":152,"column":26}},"152":{"start":{"line":153,"column":0},"end":{"line":153,"column":27}},"153":{"start":{"line":154,"column":0},"end":{"line":154,"column":22}},"154":{"start":{"line":155,"column":0},"end":{"line":155,"column":21}},"155":{"start":{"line":156,"column":0},"end":{"line":156,"column":18}},"156":{"start":{"line":157,"column":0},"end":{"line":157,"column":16}},"157":{"start":{"line":158,"column":0},"end":{"line":158,"column":14}},"158":{"start":{"line":159,"column":0},"end":{"line":159,"column":12}},"159":{"start":{"line":160,"column":0},"end":{"line":160,"column":7}},"160":{"start":{"line":161,"column":0},"end":{"line":161,"column":4}},"161":{"start":{"line":162,"column":0},"end":{"line":162,"column":1}},"162":{"start":{"line":163,"column":0},"end":{"line":163,"column":0}},"163":{"start":{"line":164,"column":0},"end":{"line":164,"column":29}}},"s":{"0":0,"1":0,"2":0,"3":0,"4":0,"5":0,"6":0,"7":0,"8":0,"9":0,"10":0,"11":0,"12":0,"13":0,"14":0,"15":0,"16":0,"17":0,"18":0,"19":0,"20":0,"21":0,"22":0,"23":0,"24":0,"25":0,"26":0,"27":0,"28":0,"29":0,"30":0,"31":0,"32":0,"33":0,"34":0,"35":0,"36":0,"37":0,"38":0,"39":0,"40":0,"41":0,"42":0,"43":0,"44":0,"45":0,"46":0,"47":0,"48":0,"49":0,"50":0,"51":0,"52":0,"53":0,"54":0,"55":0,"56":0,"57":0,"58":0,"59":0,"60":0,"61":0,"62":0,"63":0,"64":0,"65":0,"66":0,"67":0,"68":0,"69":0,"70":0,"71":0,"72":0,"73":0,"74":0,"75":0,"76":0,"77":0,"78":0,"79":0,"80":0,"81":0,"82":0,"83":0,"84":0,"85":0,"86":0,"87":0,"88":0,"89":0,"90":0,"91":0,"92":0,"93":0,"94":0,"95":0,"96":0,"97":0,"98":0,"99":0,"100":0,"101":0,"102":0,"103":0,"104":0,"105":0,"106":0,"107":0,"108":0,"109":0,"110":0,"111":0,"112":0,"113":0,"114":0,"115":0,"116":0,"117":0,"118":0,"119":0,"120":0,"121":0,"122":0,"123":0,"124":0,"125":0,"126":0,"127":0,"128":0,"129":0,"130":0,"131":0,"132":0,"133":0,"134":0,"135":0,"136":0,"137":0,"138":0,"139":0,"140":0,"141":0,"142":0,"143":0,"144":0,"145":0,"146":0,"147":0,"148":0,"149":0,"150":0,"151":0,"152":0,"153":0,"154":0,"155":0,"156":0,"157":0,"158":0,"159":0,"160":0,"161":0,"162":0,"163":0},"branchMap":{"0":{"type":"branch","line":1,"loc":{"start":{"line":1,"column":0},"end":{"line":164,"column":29}},"locations":[{"start":{"line":1,"column":0},"end":{"line":164,"column":29}}]}},"b":{"0":[0]},"fnMap":{"0":{"name":"(empty-report)","decl":{"start":{"line":1,"column":0},"end":{"line":164,"column":29}},"loc":{"start":{"line":1,"column":0},"end":{"line":164,"column":29}},"line":1}},"f":{"0":0}}
,"C:\\Users\\Lennard Flores\\Desktop\\3rd Year 2nd sem\\Codes\\frontend\\Se_Frontend\\src\\components\\Sidebar.jsx": {"path":"C:\\Users\\Lennard Flores\\Desktop\\3rd Year 2nd sem\\Codes\\frontend\\Se_Frontend\\src\\components\\Sidebar.jsx","all":true,"statementMap":{"0":{"start":{"line":1,"column":0},"end":{"line":1,"column":65}},"1":{"start":{"line":2,"column":0},"end":{"line":2,"column":50}},"2":{"start":{"line":3,"column":0},"end":{"line":3,"column":60}},"3":{"start":{"line":4,"column":0},"end":{"line":4,"column":40}},"4":{"start":{"line":5,"column":0},"end":{"line":5,"column":0}},"5":{"start":{"line":6,"column":0},"end":{"line":6,"column":39}},"6":{"start":{"line":7,"column":0},"end":{"line":7,"column":47}},"7":{"start":{"line":8,"column":0},"end":{"line":8,"column":49}},"8":{"start":{"line":9,"column":0},"end":{"line":9,"column":10}},"9":{"start":{"line":10,"column":0},"end":{"line":10,"column":77}},"10":{"start":{"line":11,"column":0},"end":{"line":11,"column":66}},"11":{"start":{"line":12,"column":0},"end":{"line":12,"column":73}},"12":{"start":{"line":13,"column":0},"end":{"line":13,"column":14}},"13":{"start":{"line":14,"column":0},"end":{"line":14,"column":67}},"14":{"start":{"line":15,"column":0},"end":{"line":15,"column":79}},"15":{"start":{"line":16,"column":0},"end":{"line":16,"column":39}},"16":{"start":{"line":17,"column":0},"end":{"line":17,"column":15}},"17":{"start":{"line":18,"column":0},"end":{"line":18,"column":33}},"18":{"start":{"line":19,"column":0},"end":{"line":19,"column":12}},"19":{"start":{"line":20,"column":0},"end":{"line":20,"column":17}},"20":{"start":{"line":21,"column":0},"end":{"line":21,"column":56}},"21":{"start":{"line":22,"column":0},"end":{"line":22,"column":92}},"22":{"start":{"line":23,"column":0},"end":{"line":23,"column":11}},"23":{"start":{"line":24,"column":0},"end":{"line":24,"column":59}},"24":{"start":{"line":25,"column":0},"end":{"line":25,"column":19}},"25":{"start":{"line":26,"column":0},"end":{"line":26,"column":14}},"26":{"start":{"line":27,"column":0},"end":{"line":27,"column":54}},"27":{"start":{"line":28,"column":0},"end":{"line":28,"column":53}},"28":{"start":{"line":29,"column":0},"end":{"line":29,"column":34}},"29":{"start":{"line":30,"column":0},"end":{"line":30,"column":43}},"30":{"start":{"line":31,"column":0},"end":{"line":31,"column":15}},"31":{"start":{"line":32,"column":0},"end":{"line":32,"column":18}},"32":{"start":{"line":33,"column":0},"end":{"line":33,"column":156}},"33":{"start":{"line":34,"column":0},"end":{"line":34,"column":11}},"34":{"start":{"line":35,"column":0},"end":{"line":35,"column":49}},"35":{"start":{"line":36,"column":0},"end":{"line":36,"column":45}},"36":{"start":{"line":37,"column":0},"end":{"line":37,"column":158}},"37":{"start":{"line":38,"column":0},"end":{"line":38,"column":17}},"38":{"start":{"line":39,"column":0},"end":{"line":39,"column":14}},"39":{"start":{"line":40,"column":0},"end":{"line":40,"column":12}},"40":{"start":{"line":41,"column":0},"end":{"line":41,"column":12}},"41":{"start":{"line":42,"column":0},"end":{"line":42,"column":4}},"42":{"start":{"line":43,"column":0},"end":{"line":43,"column":1}},"43":{"start":{"line":44,"column":0},"end":{"line":44,"column":0}},"44":{"start":{"line":45,"column":0},"end":{"line":45,"column":67}},"45":{"start":{"line":46,"column":0},"end":{"line":46,"column":50}},"46":{"start":{"line":47,"column":0},"end":{"line":47,"column":0}},"47":{"start":{"line":48,"column":0},"end":{"line":48,"column":10}},"48":{"start":{"line":49,"column":0},"end":{"line":49,"column":7}},"49":{"start":{"line":50,"column":0},"end":{"line":50,"column":121}},"50":{"start":{"line":51,"column":0},"end":{"line":51,"column":14}},"51":{"start":{"line":52,"column":0},"end":{"line":52,"column":24}},"52":{"start":{"line":53,"column":0},"end":{"line":53,"column":62}},"53":{"start":{"line":54,"column":0},"end":{"line":54,"column":9}},"54":{"start":{"line":55,"column":0},"end":{"line":55,"column":5}},"55":{"start":{"line":56,"column":0},"end":{"line":56,"column":60}},"56":{"start":{"line":57,"column":0},"end":{"line":57,"column":14}},"57":{"start":{"line":58,"column":0},"end":{"line":58,"column":13}},"58":{"start":{"line":59,"column":0},"end":{"line":59,"column":77}},"59":{"start":{"line":60,"column":0},"end":{"line":60,"column":42}},"60":{"start":{"line":61,"column":0},"end":{"line":61,"column":13}},"61":{"start":{"line":62,"column":0},"end":{"line":62,"column":9}},"62":{"start":{"line":63,"column":0},"end":{"line":63,"column":16}},"63":{"start":{"line":64,"column":0},"end":{"line":64,"column":15}},"64":{"start":{"line":65,"column":0},"end":{"line":65,"column":19}},"65":{"start":{"line":66,"column":0},"end":{"line":66,"column":14}},"66":{"start":{"line":67,"column":0},"end":{"line":67,"column":73}},"67":{"start":{"line":68,"column":0},"end":{"line":68,"column":37}},"68":{"start":{"line":69,"column":0},"end":{"line":69,"column":15}},"69":{"start":{"line":70,"column":0},"end":{"line":70,"column":17}},"70":{"start":{"line":71,"column":0},"end":{"line":71,"column":10}},"71":{"start":{"line":72,"column":0},"end":{"line":72,"column":13}},"72":{"start":{"line":73,"column":0},"end":{"line":73,"column":21}},"73":{"start":{"line":74,"column":0},"end":{"line":74,"column":12}},"74":{"start":{"line":75,"column":0},"end":{"line":75,"column":227}},"75":{"start":{"line":76,"column":0},"end":{"line":76,"column":9}},"76":{"start":{"line":77,"column":0},"end":{"line":77,"column":16}},"77":{"start":{"line":78,"column":0},"end":{"line":78,"column":14}},"78":{"start":{"line":79,"column":0},"end":{"line":79,"column":8}},"79":{"start":{"line":80,"column":0},"end":{"line":80,"column":9}},"80":{"start":{"line":81,"column":0},"end":{"line":81,"column":4}},"81":{"start":{"line":82,"column":0},"end":{"line":82,"column":1}}},"s":{"0":0,"1":0,"2":0,"3":0,"4":0,"5":0,"6":0,"7":0,"8":0,"9":0,"10":0,"11":0,"12":0,"13":0,"14":0,"15":0,"16":0,"17":0,"18":0,"19":0,"20":0,"21":0,"22":0,"23":0,"24":0,"25":0,"26":0,"27":0,"28":0,"29":0,"30":0,"31":0,"32":0,"33":0,"34":0,"35":0,"36":0,"37":0,"38":0,"39":0,"40":0,"41":0,"42":0,"43":0,"44":0,"45":0,"46":0,"47":0,"48":0,"49":0,"50":0,"51":0,"52":0,"53":0,"54":0,"55":0,"56":0,"57":0,"58":0,"59":0,"60":0,"61":0,"62":0,"63":0,"64":0,"65":0,"66":0,"67":0,"68":0,"69":0,"70":0,"71":0,"72":0,"73":0,"74":0,"75":0,"76":0,"77":0,"78":0,"79":0,"80":0,"81":0},"branchMap":{"0":{"type":"branch","line":1,"loc":{"start":{"line":1,"column":0},"end":{"line":82,"column":1}},"locations":[{"start":{"line":1,"column":0},"end":{"line":82,"column":1}}]}},"b":{"0":[0]},"fnMap":{"0":{"name":"(empty-report)","decl":{"start":{"line":1,"column":0},"end":{"line":82,"column":1}},"loc":{"start":{"line":1,"column":0},"end":{"line":82,"column":1}},"line":1}},"f":{"0":0}}
,"C:\\Users\\Lennard Flores\\Desktop\\3rd Year 2nd sem\\Codes\\frontend\\Se_Frontend\\src\\components\\StudentDashboard.jsx": {"path":"C:\\Users\\Lennard Flores\\Desktop\\3rd Year 2nd sem\\Codes\\frontend\\Se_Frontend\\src\\components\\StudentDashboard.jsx","all":true,"statementMap":{"0":{"start":{"line":1,"column":0},"end":{"line":1,"column":51}},"1":{"start":{"line":2,"column":0},"end":{"line":2,"column":49}},"2":{"start":{"line":3,"column":0},"end":{"line":3,"column":42}},"3":{"start":{"line":4,"column":0},"end":{"line":4,"column":58}},"4":{"start":{"line":5,"column":0},"end":{"line":5,"column":30}},"5":{"start":{"line":6,"column":0},"end":{"line":6,"column":36}},"6":{"start":{"line":7,"column":0},"end":{"line":7,"column":36}},"7":{"start":{"line":8,"column":0},"end":{"line":8,"column":0}},"8":{"start":{"line":9,"column":0},"end":{"line":9,"column":32}},"9":{"start":{"line":10,"column":0},"end":{"line":10,"column":20}},"10":{"start":{"line":11,"column":0},"end":{"line":11,"column":69}},"11":{"start":{"line":12,"column":0},"end":{"line":12,"column":69}},"12":{"start":{"line":13,"column":0},"end":{"line":13,"column":5}},"13":{"start":{"line":14,"column":0},"end":{"line":14,"column":28}},"14":{"start":{"line":15,"column":0},"end":{"line":15,"column":31}},"15":{"start":{"line":16,"column":0},"end":{"line":16,"column":30}},"16":{"start":{"line":17,"column":0},"end":{"line":17,"column":6}},"17":{"start":{"line":18,"column":0},"end":{"line":18,"column":5}},"18":{"start":{"line":19,"column":0},"end":{"line":19,"column":28}},"19":{"start":{"line":20,"column":0},"end":{"line":20,"column":35}},"20":{"start":{"line":21,"column":0},"end":{"line":21,"column":30}},"21":{"start":{"line":22,"column":0},"end":{"line":22,"column":6}},"22":{"start":{"line":23,"column":0},"end":{"line":23,"column":4}},"23":{"start":{"line":24,"column":0},"end":{"line":24,"column":0}},"24":{"start":{"line":25,"column":0},"end":{"line":25,"column":46}},"25":{"start":{"line":26,"column":0},"end":{"line":26,"column":18}},"26":{"start":{"line":27,"column":0},"end":{"line":27,"column":21}},"27":{"start":{"line":28,"column":0},"end":{"line":28,"column":21}},"28":{"start":{"line":29,"column":0},"end":{"line":29,"column":19}},"29":{"start":{"line":30,"column":0},"end":{"line":30,"column":19}},"30":{"start":{"line":31,"column":0},"end":{"line":31,"column":5}},"31":{"start":{"line":32,"column":0},"end":{"line":32,"column":0}},"32":{"start":{"line":33,"column":0},"end":{"line":33,"column":19}},"33":{"start":{"line":34,"column":0},"end":{"line":34,"column":44}},"34":{"start":{"line":35,"column":0},"end":{"line":35,"column":40}},"35":{"start":{"line":36,"column":0},"end":{"line":36,"column":11}},"36":{"start":{"line":37,"column":0},"end":{"line":37,"column":58}},"37":{"start":{"line":38,"column":0},"end":{"line":38,"column":55}},"38":{"start":{"line":39,"column":0},"end":{"line":39,"column":43}},"39":{"start":{"line":40,"column":0},"end":{"line":40,"column":0}},"40":{"start":{"line":41,"column":0},"end":{"line":41,"column":60}},"41":{"start":{"line":42,"column":0},"end":{"line":42,"column":22}},"42":{"start":{"line":43,"column":0},"end":{"line":43,"column":43}},"43":{"start":{"line":44,"column":0},"end":{"line":44,"column":49}},"44":{"start":{"line":45,"column":0},"end":{"line":45,"column":49}},"45":{"start":{"line":46,"column":0},"end":{"line":46,"column":45}},"46":{"start":{"line":47,"column":0},"end":{"line":47,"column":45}},"47":{"start":{"line":48,"column":0},"end":{"line":48,"column":11}},"48":{"start":{"line":49,"column":0},"end":{"line":49,"column":23}},"49":{"start":{"line":50,"column":0},"end":{"line":50,"column":59}},"50":{"start":{"line":51,"column":0},"end":{"line":51,"column":7}},"51":{"start":{"line":52,"column":0},"end":{"line":52,"column":6}},"52":{"start":{"line":53,"column":0},"end":{"line":53,"column":0}},"53":{"start":{"line":54,"column":0},"end":{"line":54,"column":21}},"54":{"start":{"line":55,"column":0},"end":{"line":55,"column":9}},"55":{"start":{"line":56,"column":0},"end":{"line":56,"column":0}},"56":{"start":{"line":57,"column":0},"end":{"line":57,"column":10}},"57":{"start":{"line":58,"column":0},"end":{"line":58,"column":47}},"58":{"start":{"line":59,"column":0},"end":{"line":59,"column":21}},"59":{"start":{"line":60,"column":0},"end":{"line":60,"column":15}},"60":{"start":{"line":61,"column":0},"end":{"line":61,"column":33}},"61":{"start":{"line":62,"column":0},"end":{"line":62,"column":22}},"62":{"start":{"line":63,"column":0},"end":{"line":63,"column":27}},"63":{"start":{"line":64,"column":0},"end":{"line":64,"column":28}},"64":{"start":{"line":65,"column":0},"end":{"line":65,"column":28}},"65":{"start":{"line":66,"column":0},"end":{"line":66,"column":30}},"66":{"start":{"line":67,"column":0},"end":{"line":67,"column":60}},"67":{"start":{"line":68,"column":0},"end":{"line":68,"column":12}},"68":{"start":{"line":69,"column":0},"end":{"line":69,"column":11}},"69":{"start":{"line":70,"column":0},"end":{"line":70,"column":16}},"70":{"start":{"line":71,"column":0},"end":{"line":71,"column":0}},"71":{"start":{"line":72,"column":0},"end":{"line":72,"column":26}},"72":{"start":{"line":73,"column":0},"end":{"line":73,"column":34}},"73":{"start":{"line":74,"column":0},"end":{"line":74,"column":56}},"74":{"start":{"line":75,"column":0},"end":{"line":75,"column":18}},"75":{"start":{"line":76,"column":0},"end":{"line":76,"column":43}},"76":{"start":{"line":77,"column":0},"end":{"line":77,"column":49}},"77":{"start":{"line":78,"column":0},"end":{"line":78,"column":49}},"78":{"start":{"line":79,"column":0},"end":{"line":79,"column":45}},"79":{"start":{"line":80,"column":0},"end":{"line":80,"column":45}},"80":{"start":{"line":81,"column":0},"end":{"line":81,"column":10}},"81":{"start":{"line":82,"column":0},"end":{"line":82,"column":21}},"82":{"start":{"line":83,"column":0},"end":{"line":83,"column":12}},"83":{"start":{"line":84,"column":0},"end":{"line":84,"column":10}},"84":{"start":{"line":85,"column":0},"end":{"line":85,"column":4}},"85":{"start":{"line":86,"column":0},"end":{"line":86,"column":2}},"86":{"start":{"line":87,"column":0},"end":{"line":87,"column":0}},"87":{"start":{"line":88,"column":0},"end":{"line":88,"column":32}}},"s":{"0":0,"1":0,"2":0,"3":0,"4":0,"5":0,"6":0,"7":0,"8":0,"9":0,"10":0,"11":0,"12":0,"13":0,"14":0,"15":0,"16":0,"17":0,"18":0,"19":0,"20":0,"21":0,"22":0,"23":0,"24":0,"25":0,"26":0,"27":0,"28":0,"29":0,"30":0,"31":0,"32":0,"33":0,"34":0,"35":0,"36":0,"37":0,"38":0,"39":0,"40":0,"41":0,"42":0,"43":0,"44":0,"45":0,"46":0,"47":0,"48":0,"49":0,"50":0,"51":0,"52":0,"53":0,"54":0,"55":0,"56":0,"57":0,"58":0,"59":0,"60":0,"61":0,"62":0,"63":0,"64":0,"65":0,"66":0,"67":0,"68":0,"69":0,"70":0,"71":0,"72":0,"73":0,"74":0,"75":0,"76":0,"77":0,"78":0,"79":0,"80":0,"81":0,"82":0,"83":0,"84":0,"85":0,"86":0,"87":0},"branchMap":{"0":{"type":"branch","line":1,"loc":{"start":{"line":1,"column":0},"end":{"line":88,"column":32}},"locations":[{"start":{"line":1,"column":0},"end":{"line":88,"column":32}}]}},"b":{"0":[0]},"fnMap":{"0":{"name":"(empty-report)","decl":{"start":{"line":1,"column":0},"end":{"line":88,"column":32}},"loc":{"start":{"line":1,"column":0},"end":{"line":88,"column":32}},"line":1}},"f":{"0":0}}
,"C:\\Users\\Lennard Flores\\Desktop\\3rd Year 2nd sem\\Codes\\frontend\\Se_Frontend\\src\\components\\UserStats.jsx": {"path":"C:\\Users\\Lennard Flores\\Desktop\\3rd Year 2nd sem\\Codes\\frontend\\Se_Frontend\\src\\components\\UserStats.jsx","all":true,"statementMap":{"0":{"start":{"line":1,"column":0},"end":{"line":1,"column":15}},"1":{"start":{"line":2,"column":0},"end":{"line":2,"column":26}},"2":{"start":{"line":3,"column":0},"end":{"line":3,"column":0}},"3":{"start":{"line":4,"column":0},"end":{"line":4,"column":20}},"4":{"start":{"line":5,"column":0},"end":{"line":5,"column":17}},"5":{"start":{"line":6,"column":0},"end":{"line":6,"column":20}},"6":{"start":{"line":7,"column":0},"end":{"line":7,"column":20}},"7":{"start":{"line":8,"column":0},"end":{"line":8,"column":18}},"8":{"start":{"line":9,"column":0},"end":{"line":9,"column":18}},"9":{"start":{"line":10,"column":0},"end":{"line":10,"column":7}},"10":{"start":{"line":11,"column":0},"end":{"line":11,"column":10}},"11":{"start":{"line":12,"column":0},"end":{"line":12,"column":64}},"12":{"start":{"line":13,"column":0},"end":{"line":13,"column":19}},"13":{"start":{"line":14,"column":0},"end":{"line":14,"column":72}},"14":{"start":{"line":15,"column":0},"end":{"line":15,"column":99}},"15":{"start":{"line":16,"column":0},"end":{"line":16,"column":56}},"16":{"start":{"line":17,"column":0},"end":{"line":17,"column":14}},"17":{"start":{"line":18,"column":0},"end":{"line":18,"column":13}},"18":{"start":{"line":19,"column":0},"end":{"line":19,"column":72}},"19":{"start":{"line":20,"column":0},"end":{"line":20,"column":79}},"20":{"start":{"line":21,"column":0},"end":{"line":21,"column":14}},"21":{"start":{"line":22,"column":0},"end":{"line":22,"column":12}},"22":{"start":{"line":23,"column":0},"end":{"line":23,"column":0}},"23":{"start":{"line":24,"column":0},"end":{"line":24,"column":22}},"24":{"start":{"line":25,"column":0},"end":{"line":25,"column":72}},"25":{"start":{"line":26,"column":0},"end":{"line":26,"column":98}},"26":{"start":{"line":27,"column":0},"end":{"line":27,"column":64}},"27":{"start":{"line":28,"column":0},"end":{"line":28,"column":14}},"28":{"start":{"line":29,"column":0},"end":{"line":29,"column":13}},"29":{"start":{"line":30,"column":0},"end":{"line":30,"column":75}},"30":{"start":{"line":31,"column":0},"end":{"line":31,"column":63}},"31":{"start":{"line":32,"column":0},"end":{"line":32,"column":27}},"32":{"start":{"line":33,"column":0},"end":{"line":33,"column":14}},"33":{"start":{"line":34,"column":0},"end":{"line":34,"column":14}},"34":{"start":{"line":35,"column":0},"end":{"line":35,"column":12}},"35":{"start":{"line":36,"column":0},"end":{"line":36,"column":0}},"36":{"start":{"line":37,"column":0},"end":{"line":37,"column":22}},"37":{"start":{"line":38,"column":0},"end":{"line":38,"column":72}},"38":{"start":{"line":39,"column":0},"end":{"line":39,"column":100}},"39":{"start":{"line":40,"column":0},"end":{"line":40,"column":71}},"40":{"start":{"line":41,"column":0},"end":{"line":41,"column":14}},"41":{"start":{"line":42,"column":0},"end":{"line":42,"column":13}},"42":{"start":{"line":43,"column":0},"end":{"line":43,"column":75}},"43":{"start":{"line":44,"column":0},"end":{"line":44,"column":63}},"44":{"start":{"line":45,"column":0},"end":{"line":45,"column":27}},"45":{"start":{"line":46,"column":0},"end":{"line":46,"column":14}},"46":{"start":{"line":47,"column":0},"end":{"line":47,"column":14}},"47":{"start":{"line":48,"column":0},"end":{"line":48,"column":12}},"48":{"start":{"line":49,"column":0},"end":{"line":49,"column":0}},"49":{"start":{"line":50,"column":0},"end":{"line":50,"column":19}},"50":{"start":{"line":51,"column":0},"end":{"line":51,"column":72}},"51":{"start":{"line":52,"column":0},"end":{"line":52,"column":97}},"52":{"start":{"line":53,"column":0},"end":{"line":53,"column":61}},"53":{"start":{"line":54,"column":0},"end":{"line":54,"column":14}},"54":{"start":{"line":55,"column":0},"end":{"line":55,"column":13}},"55":{"start":{"line":56,"column":0},"end":{"line":56,"column":72}},"56":{"start":{"line":57,"column":0},"end":{"line":57,"column":80}},"57":{"start":{"line":58,"column":0},"end":{"line":58,"column":14}},"58":{"start":{"line":59,"column":0},"end":{"line":59,"column":12}},"59":{"start":{"line":60,"column":0},"end":{"line":60,"column":0}},"60":{"start":{"line":61,"column":0},"end":{"line":61,"column":20}},"61":{"start":{"line":62,"column":0},"end":{"line":62,"column":72}},"62":{"start":{"line":63,"column":0},"end":{"line":63,"column":100}},"63":{"start":{"line":64,"column":0},"end":{"line":64,"column":58}},"64":{"start":{"line":65,"column":0},"end":{"line":65,"column":14}},"65":{"start":{"line":66,"column":0},"end":{"line":66,"column":13}},"66":{"start":{"line":67,"column":0},"end":{"line":67,"column":73}},"67":{"start":{"line":68,"column":0},"end":{"line":68,"column":80}},"68":{"start":{"line":69,"column":0},"end":{"line":69,"column":14}},"69":{"start":{"line":70,"column":0},"end":{"line":70,"column":12}},"70":{"start":{"line":71,"column":0},"end":{"line":71,"column":10}},"71":{"start":{"line":72,"column":0},"end":{"line":72,"column":4}},"72":{"start":{"line":73,"column":0},"end":{"line":73,"column":2}},"73":{"start":{"line":74,"column":0},"end":{"line":74,"column":0}},"74":{"start":{"line":75,"column":0},"end":{"line":75,"column":25}}},"s":{"0":0,"1":0,"2":0,"3":0,"4":0,"5":0,"6":0,"7":0,"8":0,"9":0,"10":0,"11":0,"12":0,"13":0,"14":0,"15":0,"16":0,"17":0,"18":0,"19":0,"20":0,"21":0,"22":0,"23":0,"24":0,"25":0,"26":0,"27":0,"28":0,"29":0,"30":0,"31":0,"32":0,"33":0,"34":0,"35":0,"36":0,"37":0,"38":0,"39":0,"40":0,"41":0,"42":0,"43":0,"44":0,"45":0,"46":0,"47":0,"48":0,"49":0,"50":0,"51":0,"52":0,"53":0,"54":0,"55":0,"56":0,"57":0,"58":0,"59":0,"60":0,"61":0,"62":0,"63":0,"64":0,"65":0,"66":0,"67":0,"68":0,"69":0,"70":0,"71":0,"72":0,"73":0,"74":0},"branchMap":{"0":{"type":"branch","line":1,"loc":{"start":{"line":1,"column":0},"end":{"line":75,"column":25}},"locations":[{"start":{"line":1,"column":0},"end":{"line":75,"column":25}}]}},"b":{"0":[0]},"fnMap":{"0":{"name":"(empty-report)","decl":{"start":{"line":1,"column":0},"end":{"line":75,"column":25}},"loc":{"start":{"line":1,"column":0},"end":{"line":75,"column":25}},"line":1}},"f":{"0":0}}
,"C:\\Users\\Lennard Flores\\Desktop\\3rd Year 2nd sem\\Codes\\frontend\\Se_Frontend\\src\\components\\UserTable.jsx": {"path":"C:\\Users\\Lennard Flores\\Desktop\\3rd Year 2nd sem\\Codes\\frontend\\Se_Frontend\\src\\components\\UserTable.jsx","all":true,"statementMap":{"0":{"start":{"line":1,"column":0},"end":{"line":1,"column":15}},"1":{"start":{"line":2,"column":0},"end":{"line":2,"column":51}},"2":{"start":{"line":3,"column":0},"end":{"line":3,"column":0}},"3":{"start":{"line":4,"column":0},"end":{"line":4,"column":25}},"4":{"start":{"line":5,"column":0},"end":{"line":5,"column":49}},"5":{"start":{"line":6,"column":0},"end":{"line":6,"column":47}},"6":{"start":{"line":7,"column":0},"end":{"line":7,"column":0}},"7":{"start":{"line":8,"column":0},"end":{"line":8,"column":19}},"8":{"start":{"line":9,"column":0},"end":{"line":9,"column":40}},"9":{"start":{"line":10,"column":0},"end":{"line":10,"column":11}},"10":{"start":{"line":11,"column":0},"end":{"line":11,"column":66}},"11":{"start":{"line":12,"column":0},"end":{"line":12,"column":0}},"12":{"start":{"line":13,"column":0},"end":{"line":13,"column":22}},"13":{"start":{"line":14,"column":0},"end":{"line":14,"column":11}},"14":{"start":{"line":15,"column":0},"end":{"line":15,"column":18}},"15":{"start":{"line":16,"column":0},"end":{"line":16,"column":35}},"16":{"start":{"line":17,"column":0},"end":{"line":17,"column":28}},"17":{"start":{"line":18,"column":0},"end":{"line":18,"column":40}},"18":{"start":{"line":19,"column":0},"end":{"line":19,"column":12}},"19":{"start":{"line":20,"column":0},"end":{"line":20,"column":11}},"20":{"start":{"line":21,"column":0},"end":{"line":21,"column":18}},"21":{"start":{"line":22,"column":0},"end":{"line":22,"column":32}},"22":{"start":{"line":23,"column":0},"end":{"line":23,"column":28}},"23":{"start":{"line":24,"column":0},"end":{"line":24,"column":42}},"24":{"start":{"line":25,"column":0},"end":{"line":25,"column":12}},"25":{"start":{"line":26,"column":0},"end":{"line":26,"column":11}},"26":{"start":{"line":27,"column":0},"end":{"line":27,"column":18}},"27":{"start":{"line":28,"column":0},"end":{"line":28,"column":34}},"28":{"start":{"line":29,"column":0},"end":{"line":29,"column":28}},"29":{"start":{"line":30,"column":0},"end":{"line":30,"column":44}},"30":{"start":{"line":31,"column":0},"end":{"line":31,"column":12}},"31":{"start":{"line":32,"column":0},"end":{"line":32,"column":11}},"32":{"start":{"line":33,"column":0},"end":{"line":33,"column":18}},"33":{"start":{"line":34,"column":0},"end":{"line":34,"column":33}},"34":{"start":{"line":35,"column":0},"end":{"line":35,"column":28}},"35":{"start":{"line":36,"column":0},"end":{"line":36,"column":43}},"36":{"start":{"line":37,"column":0},"end":{"line":37,"column":12}},"37":{"start":{"line":38,"column":0},"end":{"line":38,"column":11}},"38":{"start":{"line":39,"column":0},"end":{"line":39,"column":18}},"39":{"start":{"line":40,"column":0},"end":{"line":40,"column":36}},"40":{"start":{"line":41,"column":0},"end":{"line":41,"column":28}},"41":{"start":{"line":42,"column":0},"end":{"line":42,"column":46}},"42":{"start":{"line":43,"column":0},"end":{"line":43,"column":12}},"43":{"start":{"line":44,"column":0},"end":{"line":44,"column":11}},"44":{"start":{"line":45,"column":0},"end":{"line":45,"column":18}},"45":{"start":{"line":46,"column":0},"end":{"line":46,"column":38}},"46":{"start":{"line":47,"column":0},"end":{"line":47,"column":28}},"47":{"start":{"line":48,"column":0},"end":{"line":48,"column":48}},"48":{"start":{"line":49,"column":0},"end":{"line":49,"column":12}},"49":{"start":{"line":50,"column":0},"end":{"line":50,"column":11}},"50":{"start":{"line":51,"column":0},"end":{"line":51,"column":18}},"51":{"start":{"line":52,"column":0},"end":{"line":52,"column":32}},"52":{"start":{"line":53,"column":0},"end":{"line":53,"column":28}},"53":{"start":{"line":54,"column":0},"end":{"line":54,"column":42}},"54":{"start":{"line":55,"column":0},"end":{"line":55,"column":12}},"55":{"start":{"line":56,"column":0},"end":{"line":56,"column":10}},"56":{"start":{"line":57,"column":0},"end":{"line":57,"column":0}},"57":{"start":{"line":58,"column":0},"end":{"line":58,"column":27}},"58":{"start":{"line":59,"column":0},"end":{"line":59,"column":23}},"59":{"start":{"line":60,"column":0},"end":{"line":60,"column":58}},"60":{"start":{"line":61,"column":0},"end":{"line":61,"column":17}},"61":{"start":{"line":62,"column":0},"end":{"line":62,"column":26}},"62":{"start":{"line":63,"column":0},"end":{"line":63,"column":7}},"63":{"start":{"line":64,"column":0},"end":{"line":64,"column":6}},"64":{"start":{"line":65,"column":0},"end":{"line":65,"column":0}},"65":{"start":{"line":66,"column":0},"end":{"line":66,"column":21}},"66":{"start":{"line":67,"column":0},"end":{"line":67,"column":9}},"67":{"start":{"line":68,"column":0},"end":{"line":68,"column":0}},"68":{"start":{"line":69,"column":0},"end":{"line":69,"column":10}},"69":{"start":{"line":70,"column":0},"end":{"line":70,"column":37}},"70":{"start":{"line":71,"column":0},"end":{"line":71,"column":18}},"71":{"start":{"line":72,"column":0},"end":{"line":72,"column":63}},"72":{"start":{"line":73,"column":0},"end":{"line":73,"column":67}},"73":{"start":{"line":74,"column":0},"end":{"line":74,"column":14}},"74":{"start":{"line":75,"column":0},"end":{"line":75,"column":11}},"75":{"start":{"line":76,"column":0},"end":{"line":76,"column":75}},"76":{"start":{"line":77,"column":0},"end":{"line":77,"column":40}},"77":{"start":{"line":78,"column":0},"end":{"line":78,"column":16}},"78":{"start":{"line":79,"column":0},"end":{"line":79,"column":109}},"79":{"start":{"line":80,"column":0},"end":{"line":80,"column":21}},"80":{"start":{"line":81,"column":0},"end":{"line":81,"column":22}},"81":{"start":{"line":82,"column":0},"end":{"line":82,"column":19}},"82":{"start":{"line":83,"column":0},"end":{"line":83,"column":109}},"83":{"start":{"line":84,"column":0},"end":{"line":84,"column":21}},"84":{"start":{"line":85,"column":0},"end":{"line":85,"column":30}},"85":{"start":{"line":86,"column":0},"end":{"line":86,"column":19}},"86":{"start":{"line":87,"column":0},"end":{"line":87,"column":109}},"87":{"start":{"line":88,"column":0},"end":{"line":88,"column":21}},"88":{"start":{"line":89,"column":0},"end":{"line":89,"column":25}},"89":{"start":{"line":90,"column":0},"end":{"line":90,"column":19}},"90":{"start":{"line":91,"column":0},"end":{"line":91,"column":109}},"91":{"start":{"line":92,"column":0},"end":{"line":92,"column":21}},"92":{"start":{"line":93,"column":0},"end":{"line":93,"column":27}},"93":{"start":{"line":94,"column":0},"end":{"line":94,"column":19}},"94":{"start":{"line":95,"column":0},"end":{"line":95,"column":17}},"95":{"start":{"line":96,"column":0},"end":{"line":96,"column":18}},"96":{"start":{"line":97,"column":0},"end":{"line":97,"column":63}},"97":{"start":{"line":98,"column":0},"end":{"line":98,"column":37}},"98":{"start":{"line":99,"column":0},"end":{"line":99,"column":39}},"99":{"start":{"line":100,"column":0},"end":{"line":100,"column":34}},"100":{"start":{"line":101,"column":0},"end":{"line":101,"column":84}},"101":{"start":{"line":102,"column":0},"end":{"line":102,"column":29}},"102":{"start":{"line":103,"column":0},"end":{"line":103,"column":23}},"103":{"start":{"line":104,"column":0},"end":{"line":104,"column":84}},"104":{"start":{"line":105,"column":0},"end":{"line":105,"column":31}},"105":{"start":{"line":106,"column":0},"end":{"line":106,"column":23}},"106":{"start":{"line":107,"column":0},"end":{"line":107,"column":84}},"107":{"start":{"line":108,"column":0},"end":{"line":108,"column":31}},"108":{"start":{"line":109,"column":0},"end":{"line":109,"column":23}},"109":{"start":{"line":110,"column":0},"end":{"line":110,"column":84}},"110":{"start":{"line":111,"column":0},"end":{"line":111,"column":32}},"111":{"start":{"line":112,"column":0},"end":{"line":112,"column":23}},"112":{"start":{"line":113,"column":0},"end":{"line":113,"column":21}},"113":{"start":{"line":114,"column":0},"end":{"line":114,"column":16}},"114":{"start":{"line":115,"column":0},"end":{"line":115,"column":17}},"115":{"start":{"line":116,"column":0},"end":{"line":116,"column":18}},"116":{"start":{"line":117,"column":0},"end":{"line":117,"column":19}},"117":{"start":{"line":118,"column":0},"end":{"line":118,"column":61}},"118":{"start":{"line":119,"column":0},"end":{"line":119,"column":29}},"119":{"start":{"line":120,"column":0},"end":{"line":120,"column":32}},"120":{"start":{"line":121,"column":0},"end":{"line":121,"column":17}},"121":{"start":{"line":122,"column":0},"end":{"line":122,"column":33}},"122":{"start":{"line":123,"column":0},"end":{"line":123,"column":21}},"123":{"start":{"line":124,"column":0},"end":{"line":124,"column":19}},"124":{"start":{"line":125,"column":0},"end":{"line":125,"column":14}},"125":{"start":{"line":126,"column":0},"end":{"line":126,"column":18}},"126":{"start":{"line":127,"column":0},"end":{"line":127,"column":16}},"127":{"start":{"line":128,"column":0},"end":{"line":128,"column":8}},"128":{"start":{"line":129,"column":0},"end":{"line":129,"column":10}},"129":{"start":{"line":130,"column":0},"end":{"line":130,"column":4}},"130":{"start":{"line":131,"column":0},"end":{"line":131,"column":2}},"131":{"start":{"line":132,"column":0},"end":{"line":132,"column":0}},"132":{"start":{"line":133,"column":0},"end":{"line":133,"column":25}}},"s":{"0":0,"1":0,"2":0,"3":0,"4":0,"5":0,"6":0,"7":0,"8":0,"9":0,"10":0,"11":0,"12":0,"13":0,"14":0,"15":0,"16":0,"17":0,"18":0,"19":0,"20":0,"21":0,"22":0,"23":0,"24":0,"25":0,"26":0,"27":0,"28":0,"29":0,"30":0,"31":0,"32":0,"33":0,"34":0,"35":0,"36":0,"37":0,"38":0,"39":0,"40":0,"41":0,"42":0,"43":0,"44":0,"45":0,"46":0,"47":0,"48":0,"49":0,"50":0,"51":0,"52":0,"53":0,"54":0,"55":0,"56":0,"57":0,"58":0,"59":0,"60":0,"61":0,"62":0,"63":0,"64":0,"65":0,"66":0,"67":0,"68":0,"69":0,"70":0,"71":0,"72":0,"73":0,"74":0,"75":0,"76":0,"77":0,"78":0,"79":0,"80":0,"81":0,"82":0,"83":0,"84":0,"85":0,"86":0,"87":0,"88":0,"89":0,"90":0,"91":0,"92":0,"93":0,"94":0,"95":0,"96":0,"97":0,"98":0,"99":0,"100":0,"101":0,"102":0,"103":0,"104":0,"105":0,"106":0,"107":0,"108":0,"109":0,"110":0,"111":0,"112":0,"113":0,"114":0,"115":0,"116":0,"117":0,"118":0,"119":0,"120":0,"121":0,"122":0,"123":0,"124":0,"125":0,"126":0,"127":0,"128":0,"129":0,"130":0,"131":0,"132":0},"branchMap":{"0":{"type":"branch","line":1,"loc":{"start":{"line":1,"column":0},"end":{"line":133,"column":25}},"locations":[{"start":{"line":1,"column":0},"end":{"line":133,"column":25}}]}},"b":{"0":[0]},"fnMap":{"0":{"name":"(empty-report)","decl":{"start":{"line":1,"column":0},"end":{"line":133,"column":25}},"loc":{"start":{"line":1,"column":0},"end":{"line":133,"column":25}},"line":1}},"f":{"0":0}}
}
